2025-04-22 12:53:01,803 - INFO - Processing folder: google bert
2025-04-22 12:53:04,126 - INFO - Training and evaluating models for google bert
2025-04-22 12:53:04,126 - INFO - Training model: Logistic Regression
2025-04-22 12:53:06,272 - INFO - Training model: Ridge Classifier
2025-04-22 12:53:06,801 - INFO - Training model: SGD Classifier
2025-04-22 12:53:07,224 - INFO - Training model: Perceptron
2025-04-22 12:53:07,488 - INFO - Training model: Passive Aggressive
2025-04-22 12:53:07,803 - INFO - Training model: SVM (Linear)
2025-04-22 12:53:16,014 - INFO - Training model: SVM (RBF)
2025-04-22 12:53:29,553 - INFO - Training model: Nu-SVM
2025-04-22 12:54:58,251 - INFO - Training model: KNN
2025-04-22 12:54:58,576 - INFO - Training model: Decision Tree
2025-04-22 12:54:59,217 - INFO - Training model: GaussianNB
2025-04-22 12:54:59,418 - INFO - Training model: BernoulliNB
2025-04-22 12:54:59,582 - INFO - Training model: Linear Discriminant Analysis
2025-04-22 12:55:03,238 - INFO - Training model: Quadratic Discriminant Analysis
2025-04-22 12:55:12,838 - INFO - Training model: Random Forest
2025-04-22 12:55:13,160 - INFO - Training model: Extra Trees
2025-04-22 12:55:13,418 - INFO - Training model: AdaBoost
2025-04-22 12:55:20,369 - INFO - Training model: Gradient Boosting
2025-04-22 12:55:40,690 - INFO - Training model: HistGradientBoosting
2025-04-22 12:55:49,230 - INFO - Training model: XGBoost
2025-04-22 12:55:50,579 - INFO - Training model: LightGBM
2025-04-22 12:55:51,101 - INFO - Training model: CatBoost
2025-04-22 12:56:04,294 - INFO - Model rankings for google bert:
2025-04-22 12:56:04,294 - INFO -   Gradient Boosting: F1 = 0.8392
2025-04-22 12:56:04,294 - INFO -   LightGBM: F1 = 0.8376
2025-04-22 12:56:04,294 - INFO -   Random Forest: F1 = 0.8345
2025-04-22 12:56:04,294 - INFO -   HistGradientBoosting: F1 = 0.8345
2025-04-22 12:56:04,294 - INFO -   Extra Trees: F1 = 0.8327
2025-04-22 12:56:04,294 - INFO -   Quadratic Discriminant Analysis: F1 = 0.8309
2025-04-22 12:56:04,294 - INFO -   Decision Tree: F1 = 0.8305
2025-04-22 12:56:04,294 - INFO -   SGD Classifier: F1 = 0.8301
2025-04-22 12:56:04,294 - INFO -   XGBoost: F1 = 0.8299
2025-04-22 12:56:04,294 - INFO -   CatBoost: F1 = 0.8299
2025-04-22 12:56:04,294 - INFO -   AdaBoost: F1 = 0.8295
2025-04-22 12:56:04,294 - INFO -   KNN: F1 = 0.8283
2025-04-22 12:56:04,294 - INFO -   Nu-SVM: F1 = 0.8283
2025-04-22 12:56:04,294 - INFO -   SVM (RBF): F1 = 0.8274
2025-04-22 12:56:04,294 - INFO -   Ridge Classifier: F1 = 0.8261
2025-04-22 12:56:04,294 - INFO -   Linear Discriminant Analysis: F1 = 0.8261
2025-04-22 12:56:04,294 - INFO -   Passive Aggressive: F1 = 0.8251
2025-04-22 12:56:04,294 - INFO -   Logistic Regression: F1 = 0.8237
2025-04-22 12:56:04,294 - INFO -   SVM (Linear): F1 = 0.8237
2025-04-22 12:56:04,294 - INFO -   BernoulliNB: F1 = 0.8201
2025-04-22 12:56:04,294 - INFO -   Perceptron: F1 = 0.8138
2025-04-22 12:56:04,294 - INFO -   GaussianNB: F1 = 0.8116
2025-04-22 12:56:04,294 - INFO - Best model for google bert: Gradient Boosting (F1 = 0.8392)
2025-04-22 12:56:04,906 - INFO - Predictions saved to google bert\test_predictions.csv
2025-04-22 12:56:04,907 - INFO - Processing folder: indic bert
2025-04-22 12:56:07,245 - INFO - Training and evaluating models for indic bert
2025-04-22 12:56:07,245 - INFO - Training model: Logistic Regression
2025-04-22 12:56:08,659 - INFO - Training model: Ridge Classifier
2025-04-22 12:56:09,033 - INFO - Training model: SGD Classifier
2025-04-22 12:56:09,222 - INFO - Training model: Perceptron
2025-04-22 12:56:09,366 - INFO - Training model: Passive Aggressive
2025-04-22 12:56:09,552 - INFO - Training model: SVM (Linear)
2025-04-22 12:56:10,828 - INFO - Training model: SVM (RBF)
2025-04-22 12:56:12,402 - INFO - Training model: Nu-SVM
2025-04-22 12:57:41,322 - INFO - Training model: KNN
2025-04-22 12:57:41,525 - INFO - Training model: Decision Tree
2025-04-22 12:57:41,859 - INFO - Training model: GaussianNB
2025-04-22 12:57:42,050 - INFO - Training model: BernoulliNB
2025-04-22 12:57:42,205 - INFO - Training model: Linear Discriminant Analysis
2025-04-22 12:57:46,114 - INFO - Training model: Quadratic Discriminant Analysis
2025-04-22 12:57:56,098 - INFO - Training model: Random Forest
2025-04-22 12:57:56,410 - INFO - Training model: Extra Trees
2025-04-22 12:57:56,641 - INFO - Training model: AdaBoost
2025-04-22 12:58:04,299 - INFO - Training model: Gradient Boosting
2025-04-22 12:58:22,791 - INFO - Training model: HistGradientBoosting
2025-04-22 12:58:29,085 - INFO - Training model: XGBoost
2025-04-22 12:58:30,017 - INFO - Training model: LightGBM
2025-04-22 12:58:30,530 - INFO - Training model: CatBoost
2025-04-22 12:58:39,375 - INFO - Model rankings for indic bert:
2025-04-22 12:58:39,375 - INFO -   Ridge Classifier: F1 = 0.8240
2025-04-22 12:58:39,375 - INFO -   Quadratic Discriminant Analysis: F1 = 0.8239
2025-04-22 12:58:39,375 - INFO -   SVM (RBF): F1 = 0.8227
2025-04-22 12:58:39,375 - INFO -   SVM (Linear): F1 = 0.8224
2025-04-22 12:58:39,376 - INFO -   Linear Discriminant Analysis: F1 = 0.8220
2025-04-22 12:58:39,376 - INFO -   Passive Aggressive: F1 = 0.8214
2025-04-22 12:58:39,376 - INFO -   HistGradientBoosting: F1 = 0.8214
2025-04-22 12:58:39,376 - INFO -   Logistic Regression: F1 = 0.8211
2025-04-22 12:58:39,376 - INFO -   GaussianNB: F1 = 0.8208
2025-04-22 12:58:39,376 - INFO -   Extra Trees: F1 = 0.8198
2025-04-22 12:58:39,376 - INFO -   CatBoost: F1 = 0.8198
2025-04-22 12:58:39,376 - INFO -   AdaBoost: F1 = 0.8193
2025-04-22 12:58:39,376 - INFO -   XGBoost: F1 = 0.8193
2025-04-22 12:58:39,376 - INFO -   SGD Classifier: F1 = 0.8193
2025-04-22 12:58:39,376 - INFO -   KNN: F1 = 0.8161
2025-04-22 12:58:39,376 - INFO -   LightGBM: F1 = 0.8152
2025-04-22 12:58:39,376 - INFO -   Decision Tree: F1 = 0.8149
2025-04-22 12:58:39,376 - INFO -   Gradient Boosting: F1 = 0.8149
2025-04-22 12:58:39,376 - INFO -   Random Forest: F1 = 0.8149
2025-04-22 12:58:39,376 - INFO -   Nu-SVM: F1 = 0.8130
2025-04-22 12:58:39,376 - INFO -   Perceptron: F1 = 0.8120
2025-04-22 12:58:39,376 - INFO -   BernoulliNB: F1 = 0.8017
2025-04-22 12:58:39,376 - INFO - Best model for indic bert: Ridge Classifier (F1 = 0.8240)
2025-04-22 12:58:39,953 - INFO - Predictions saved to indic bert\test_predictions.csv
2025-04-22 12:58:39,953 - INFO - Processing folder: seanbenhur bert
2025-04-22 12:58:42,262 - INFO - Training and evaluating models for seanbenhur bert
2025-04-22 12:58:42,263 - INFO - Training model: Logistic Regression
2025-04-22 12:58:42,797 - INFO - Training model: Ridge Classifier
2025-04-22 12:58:43,278 - INFO - Training model: SGD Classifier
2025-04-22 12:58:43,523 - INFO - Training model: Perceptron
2025-04-22 12:58:43,729 - INFO - Training model: Passive Aggressive
2025-04-22 12:58:43,973 - INFO - Training model: SVM (Linear)
2025-04-22 12:58:45,771 - INFO - Training model: SVM (RBF)
2025-04-22 12:58:49,836 - INFO - Training model: Nu-SVM
2025-04-22 13:00:07,376 - INFO - Training model: KNN
2025-04-22 13:00:07,574 - INFO - Training model: Decision Tree
2025-04-22 13:00:07,904 - INFO - Training model: GaussianNB
2025-04-22 13:00:08,064 - INFO - Training model: BernoulliNB
2025-04-22 13:00:08,203 - INFO - Training model: Linear Discriminant Analysis
2025-04-22 13:00:11,965 - INFO - Training model: Quadratic Discriminant Analysis
2025-04-22 13:00:21,566 - INFO - Training model: Random Forest
2025-04-22 13:00:21,830 - INFO - Training model: Extra Trees
2025-04-22 13:00:22,029 - INFO - Training model: AdaBoost
2025-04-22 13:00:29,377 - INFO - Training model: Gradient Boosting
2025-04-22 13:00:50,108 - INFO - Training model: HistGradientBoosting
2025-04-22 13:00:58,414 - INFO - Training model: XGBoost
2025-04-22 13:00:59,486 - INFO - Training model: LightGBM
2025-04-22 13:01:00,035 - INFO - Training model: CatBoost
2025-04-22 13:01:09,377 - INFO - Model rankings for seanbenhur bert:
2025-04-22 13:01:09,377 - INFO -   Nu-SVM: F1 = 0.8262
2025-04-22 13:01:09,377 - INFO -   SGD Classifier: F1 = 0.8261
2025-04-22 13:01:09,377 - INFO -   SVM (Linear): F1 = 0.8261
2025-04-22 13:01:09,377 - INFO -   Logistic Regression: F1 = 0.8252
2025-04-22 13:01:09,377 - INFO -   Ridge Classifier: F1 = 0.8249
2025-04-22 13:01:09,377 - INFO -   Perceptron: F1 = 0.8249
2025-04-22 13:01:09,377 - INFO -   BernoulliNB: F1 = 0.8249
2025-04-22 13:01:09,377 - INFO -   LightGBM: F1 = 0.8243
2025-04-22 13:01:09,377 - INFO -   Gradient Boosting: F1 = 0.8234
2025-04-22 13:01:09,377 - INFO -   GaussianNB: F1 = 0.8229
2025-04-22 13:01:09,377 - INFO -   Quadratic Discriminant Analysis: F1 = 0.8216
2025-04-22 13:01:09,377 - INFO -   AdaBoost: F1 = 0.8216
2025-04-22 13:01:09,377 - INFO -   Random Forest: F1 = 0.8205
2025-04-22 13:01:09,377 - INFO -   HistGradientBoosting: F1 = 0.8205
2025-04-22 13:01:09,377 - INFO -   Linear Discriminant Analysis: F1 = 0.8194
2025-04-22 13:01:09,377 - INFO -   CatBoost: F1 = 0.8194
2025-04-22 13:01:09,377 - INFO -   Decision Tree: F1 = 0.8193
2025-04-22 13:01:09,377 - INFO -   XGBoost: F1 = 0.8193
2025-04-22 13:01:09,377 - INFO -   Extra Trees: F1 = 0.8189
2025-04-22 13:01:09,377 - INFO -   KNN: F1 = 0.8182
2025-04-22 13:01:09,377 - INFO -   SVM (RBF): F1 = 0.8173
2025-04-22 13:01:09,377 - INFO -   Passive Aggressive: F1 = 0.8164
2025-04-22 13:01:09,377 - INFO - Best model for seanbenhur bert: Nu-SVM (F1 = 0.8262)
2025-04-22 13:01:14,577 - INFO - Predictions saved to seanbenhur bert\test_predictions.csv
2025-04-22 13:01:14,577 - INFO - Processing folder: xlm roberta base
2025-04-22 13:01:16,839 - INFO - Training and evaluating models for xlm roberta base
2025-04-22 13:01:16,839 - INFO - Training model: Logistic Regression
2025-04-22 13:01:17,282 - INFO - Training model: Ridge Classifier
2025-04-22 13:01:17,714 - INFO - Training model: SGD Classifier
2025-04-22 13:01:17,980 - INFO - Training model: Perceptron
2025-04-22 13:01:18,113 - INFO - Training model: Passive Aggressive
2025-04-22 13:01:18,315 - INFO - Training model: SVM (Linear)
2025-04-22 13:01:20,348 - INFO - Training model: SVM (RBF)
2025-04-22 13:01:22,128 - INFO - Training model: Nu-SVM
2025-04-22 13:02:57,291 - INFO - Training model: KNN
2025-04-22 13:02:57,482 - INFO - Training model: Decision Tree
2025-04-22 13:02:57,786 - INFO - Training model: GaussianNB
2025-04-22 13:02:57,987 - INFO - Training model: BernoulliNB
2025-04-22 13:02:58,161 - INFO - Training model: Linear Discriminant Analysis
2025-04-22 13:03:01,839 - INFO - Training model: Quadratic Discriminant Analysis
2025-04-22 13:03:11,557 - INFO - Training model: Random Forest
2025-04-22 13:03:11,845 - INFO - Training model: Extra Trees
2025-04-22 13:03:12,048 - INFO - Training model: AdaBoost
2025-04-22 13:03:19,364 - INFO - Training model: Gradient Boosting
2025-04-22 13:03:39,666 - INFO - Training model: HistGradientBoosting
2025-04-22 13:03:47,574 - INFO - Training model: XGBoost
2025-04-22 13:03:48,507 - INFO - Training model: LightGBM
2025-04-22 13:03:49,030 - INFO - Training model: CatBoost
2025-04-22 13:03:57,777 - INFO - Model rankings for xlm roberta base:
2025-04-22 13:03:57,777 - INFO -   Random Forest: F1 = 0.8354
2025-04-22 13:03:57,777 - INFO -   Decision Tree: F1 = 0.8351
2025-04-22 13:03:57,777 - INFO -   Extra Trees: F1 = 0.8344
2025-04-22 13:03:57,777 - INFO -   Perceptron: F1 = 0.8340
2025-04-22 13:03:57,777 - INFO -   Logistic Regression: F1 = 0.8331
2025-04-22 13:03:57,777 - INFO -   Linear Discriminant Analysis: F1 = 0.8331
2025-04-22 13:03:57,777 - INFO -   SGD Classifier: F1 = 0.8330
2025-04-22 13:03:57,777 - INFO -   Passive Aggressive: F1 = 0.8330
2025-04-22 13:03:57,777 - INFO -   BernoulliNB: F1 = 0.8330
2025-04-22 13:03:57,777 - INFO -   Ridge Classifier: F1 = 0.8326
2025-04-22 13:03:57,777 - INFO -   SVM (Linear): F1 = 0.8326
2025-04-22 13:03:57,777 - INFO -   SVM (RBF): F1 = 0.8326
2025-04-22 13:03:57,777 - INFO -   KNN: F1 = 0.8319
2025-04-22 13:03:57,777 - INFO -   Nu-SVM: F1 = 0.8301
2025-04-22 13:03:57,777 - INFO -   Gradient Boosting: F1 = 0.8294
2025-04-22 13:03:57,777 - INFO -   HistGradientBoosting: F1 = 0.8294
2025-04-22 13:03:57,777 - INFO -   Quadratic Discriminant Analysis: F1 = 0.8292
2025-04-22 13:03:57,777 - INFO -   CatBoost: F1 = 0.8291
2025-04-22 13:03:57,777 - INFO -   GaussianNB: F1 = 0.8290
2025-04-22 13:03:57,777 - INFO -   XGBoost: F1 = 0.8281
2025-04-22 13:03:57,777 - INFO -   LightGBM: F1 = 0.8276
2025-04-22 13:03:57,777 - INFO -   AdaBoost: F1 = 0.8254
2025-04-22 13:03:57,777 - INFO - Best model for xlm roberta base: Random Forest (F1 = 0.8354)
2025-04-22 13:03:58,386 - INFO - Predictions saved to xlm roberta base\test_predictions.csv
2025-04-22 13:03:58,386 - INFO - Processing folder: xlm roberta large
2025-04-22 13:04:00,682 - INFO - Training and evaluating models for xlm roberta large
2025-04-22 13:04:00,682 - INFO - Training model: Logistic Regression
2025-04-22 13:04:01,253 - INFO - Training model: Ridge Classifier
2025-04-22 13:04:01,720 - INFO - Training model: SGD Classifier
2025-04-22 13:04:01,956 - INFO - Training model: Perceptron
2025-04-22 13:04:02,100 - INFO - Training model: Passive Aggressive
2025-04-22 13:04:02,366 - INFO - Training model: SVM (Linear)
2025-04-22 13:04:04,704 - INFO - Training model: SVM (RBF)
2025-04-22 13:04:06,541 - INFO - Training model: Nu-SVM
2025-04-22 13:05:38,852 - INFO - Training model: KNN
2025-04-22 13:05:39,041 - INFO - Training model: Decision Tree
2025-04-22 13:05:39,380 - INFO - Training model: GaussianNB
2025-04-22 13:05:39,578 - INFO - Training model: BernoulliNB
2025-04-22 13:05:39,734 - INFO - Training model: Linear Discriminant Analysis
2025-04-22 13:05:43,440 - INFO - Training model: Quadratic Discriminant Analysis
2025-04-22 13:05:53,178 - INFO - Training model: Random Forest
2025-04-22 13:05:53,448 - INFO - Training model: Extra Trees
2025-04-22 13:05:53,652 - INFO - Training model: AdaBoost
2025-04-22 13:06:00,816 - INFO - Training model: Gradient Boosting
2025-04-22 13:06:21,260 - INFO - Training model: HistGradientBoosting
2025-04-22 13:06:28,197 - INFO - Training model: XGBoost
2025-04-22 13:06:29,214 - INFO - Training model: LightGBM
2025-04-22 13:06:29,716 - INFO - Training model: CatBoost
2025-04-22 13:06:38,413 - INFO - Model rankings for xlm roberta large:
2025-04-22 13:06:38,413 - INFO -   Random Forest: F1 = 0.8332
2025-04-22 13:06:38,413 - INFO -   LightGBM: F1 = 0.8324
2025-04-22 13:06:38,413 - INFO -   Extra Trees: F1 = 0.8309
2025-04-22 13:06:38,413 - INFO -   HistGradientBoosting: F1 = 0.8297
2025-04-22 13:06:38,413 - INFO -   SVM (RBF): F1 = 0.8295
2025-04-22 13:06:38,413 - INFO -   SGD Classifier: F1 = 0.8291
2025-04-22 13:06:38,413 - INFO -   GaussianNB: F1 = 0.8283
2025-04-22 13:06:38,413 - INFO -   Passive Aggressive: F1 = 0.8280
2025-04-22 13:06:38,413 - INFO -   SVM (Linear): F1 = 0.8280
2025-04-22 13:06:38,413 - INFO -   KNN: F1 = 0.8277
2025-04-22 13:06:38,413 - INFO -   CatBoost: F1 = 0.8266
2025-04-22 13:06:38,413 - INFO -   Logistic Regression: F1 = 0.8259
2025-04-22 13:06:38,413 - INFO -   AdaBoost: F1 = 0.8259
2025-04-22 13:06:38,413 - INFO -   Ridge Classifier: F1 = 0.8256
2025-04-22 13:06:38,413 - INFO -   Perceptron: F1 = 0.8256
2025-04-22 13:06:38,413 - INFO -   BernoulliNB: F1 = 0.8255
2025-04-22 13:06:38,413 - INFO -   XGBoost: F1 = 0.8252
2025-04-22 13:06:38,413 - INFO -   Linear Discriminant Analysis: F1 = 0.8244
2025-04-22 13:06:38,413 - INFO -   Nu-SVM: F1 = 0.8225
2025-04-22 13:06:38,413 - INFO -   Gradient Boosting: F1 = 0.8176
2025-04-22 13:06:38,413 - INFO -   Decision Tree: F1 = 0.8149
2025-04-22 13:06:38,413 - INFO -   Quadratic Discriminant Analysis: F1 = 0.8147
2025-04-22 13:06:38,413 - INFO - Best model for xlm roberta large: Random Forest (F1 = 0.8332)
2025-04-22 13:06:39,059 - INFO - Predictions saved to xlm roberta large\test_predictions.csv
2025-04-22 13:06:39,059 - INFO - Total execution time: 817.26 seconds
2025-04-22 16:01:57,241 - INFO - Processing folder: google bert
2025-04-22 16:01:59,616 - INFO - Training GradientBoostingClassifier for google bert
2025-04-22 16:02:22,985 - INFO - Predictions saved to google bert\predicted_test_2.csv
2025-04-22 16:02:22,985 - INFO - Processing folder: indic bert
2025-04-22 16:02:25,395 - INFO - Training RidgeClassifier for indic bert
2025-04-22 16:02:26,617 - INFO - Predictions saved to indic bert\predicted_test_2.csv
2025-04-22 16:02:26,617 - INFO - Processing folder: seanbenhur bert
2025-04-22 16:02:29,019 - INFO - Training NuSVC for seanbenhur bert
2025-04-22 16:04:33,828 - INFO - Predictions saved to seanbenhur bert\predicted_test_2.csv
2025-04-22 16:04:33,828 - INFO - Processing folder: xlm roberta base
2025-04-22 16:04:36,151 - INFO - Training RandomForestClassifier for xlm roberta base
2025-04-22 16:04:37,135 - INFO - Predictions saved to xlm roberta base\predicted_test_2.csv
2025-04-22 16:04:37,135 - INFO - Processing folder: xlm roberta large
2025-04-22 16:04:39,510 - INFO - Training RandomForestClassifier for xlm roberta large
2025-04-22 16:04:40,457 - INFO - Predictions saved to xlm roberta large\predicted_test_2.csv
2025-04-22 16:04:40,726 - INFO - Final predictions saved to final_2.csv
2025-04-22 16:04:40,726 - INFO - Total execution time: 163.49 seconds
2025-04-22 16:25:40,768 - INFO - Processing folder: google bert
2025-04-22 16:25:43,101 - INFO - Training GradientBoostingClassifier for google bert
2025-04-22 16:26:06,337 - INFO - Predictions saved to google bert\predicted_test_2.csv
2025-04-22 16:26:06,337 - INFO - Processing folder: indic bert
2025-04-22 16:26:08,670 - INFO - Training RidgeClassifier for indic bert
2025-04-22 16:26:09,921 - INFO - Predictions saved to indic bert\predicted_test_2.csv
2025-04-22 16:26:09,921 - INFO - Processing folder: seanbenhur bert
2025-04-22 16:26:12,251 - INFO - Training NuSVC for seanbenhur bert
2025-04-22 16:28:26,231 - INFO - Predictions saved to seanbenhur bert\predicted_test_2.csv
2025-04-22 16:28:26,231 - INFO - Processing folder: xlm roberta base
2025-04-22 16:28:28,571 - INFO - Training RandomForestClassifier for xlm roberta base
2025-04-22 16:28:29,548 - INFO - Predictions saved to xlm roberta base\predicted_test_2.csv
2025-04-22 16:28:29,548 - INFO - Processing folder: xlm roberta large
2025-04-22 16:28:31,895 - INFO - Training RandomForestClassifier for xlm roberta large
2025-04-22 16:28:32,829 - INFO - Predictions saved to xlm roberta large\predicted_test_2.csv
2025-04-22 16:28:33,097 - INFO - Final predictions saved to final_3.csv
2025-04-22 16:28:33,097 - INFO - Total execution time: 172.33 seconds
