2025-04-17 01:38:57,981 - INFO - Using device: cuda
2025-04-17 01:38:57,985 - INFO - Starting training for 64 epochs from scratch
2025-04-17 01:41:13,049 - INFO - Training loss for epoch 1: 0.7039311893669695
2025-04-17 01:41:13,050 - INFO - Training accuracy for epoch 1: 61.0632183908046
2025-04-17 01:41:13,050 - INFO - Training F1 score for epoch 1: 0.31130877137184143
2025-04-17 01:41:27,326 - INFO - Best model saved to ../Train Data/Checkpoints/google bert\best_model.pth
2025-04-17 01:41:27,327 - INFO - Testing loss for epoch 1: 0.6234087214177969
2025-04-17 01:41:27,327 - INFO - Testing accuracy for epoch 1: 68.36734693877551
2025-04-17 01:41:27,327 - INFO - Testing F1 score for epoch 1: 0.49593496322631836

2025-04-17 01:41:27,327 - INFO - Current Learning rate: [0.001]
2025-04-17 01:41:30,279 - INFO - Checkpoint saved to ../Train Data/Checkpoints/google bert\model_epoch_1.pth
2025-04-17 01:43:52,219 - INFO - Training loss for epoch 2: 0.5830628570040752
2025-04-17 01:43:52,220 - INFO - Training accuracy for epoch 2: 70.3125
2025-04-17 01:43:52,220 - INFO - Training F1 score for epoch 2: 0.5600212812423706
2025-04-17 01:44:03,691 - INFO - Testing loss for epoch 2: 0.595724460117671
2025-04-17 01:44:03,691 - INFO - Testing accuracy for epoch 2: 68.36734693877551
2025-04-17 01:44:03,691 - INFO - Testing F1 score for epoch 2: 0.49593496322631836

2025-04-17 01:44:03,691 - INFO - Current Learning rate: [0.001]
2025-04-17 01:44:06,330 - INFO - Checkpoint saved to ../Train Data/Checkpoints/google bert\model_epoch_2.pth
2025-04-17 01:46:26,738 - INFO - Training loss for epoch 3: 0.5256286802562489
2025-04-17 01:46:26,738 - INFO - Training accuracy for epoch 3: 74.78448275862068
2025-04-17 01:46:26,738 - INFO - Training F1 score for epoch 3: 0.6523030996322632
2025-04-17 01:46:41,520 - INFO - Best model saved to ../Train Data/Checkpoints/google bert\best_model.pth
2025-04-17 01:46:41,520 - INFO - Testing loss for epoch 3: 0.5662329704785833
2025-04-17 01:46:41,521 - INFO - Testing accuracy for epoch 3: 70.79081632653062
2025-04-17 01:46:41,521 - INFO - Testing F1 score for epoch 3: 0.49890589714050293

2025-04-17 01:46:41,521 - INFO - Current Learning rate: [0.001]
2025-04-17 01:46:44,306 - INFO - Checkpoint saved to ../Train Data/Checkpoints/google bert\model_epoch_3.pth
2025-04-17 01:49:06,013 - INFO - Training loss for epoch 4: 0.4958482349783867
2025-04-17 01:49:06,013 - INFO - Training accuracy for epoch 4: 77.17313218390805
2025-04-17 01:49:06,013 - INFO - Training F1 score for epoch 4: 0.6908294558525085
2025-04-17 01:49:20,421 - INFO - Best model saved to ../Train Data/Checkpoints/google bert\best_model.pth
2025-04-17 01:49:20,421 - INFO - Testing loss for epoch 4: 0.5997036960051985
2025-04-17 01:49:20,421 - INFO - Testing accuracy for epoch 4: 71.5561224489796
2025-04-17 01:49:20,422 - INFO - Testing F1 score for epoch 4: 0.5204300880432129

2025-04-17 01:49:20,422 - INFO - Current Learning rate: [0.001]
2025-04-17 01:49:23,471 - INFO - Checkpoint saved to ../Train Data/Checkpoints/google bert\model_epoch_4.pth
2025-04-17 01:51:44,113 - INFO - Training loss for epoch 5: 0.4688231761128395
2025-04-17 01:51:44,113 - INFO - Training accuracy for epoch 5: 78.16091954022988
2025-04-17 01:51:44,113 - INFO - Training F1 score for epoch 5: 0.7038480043411255
2025-04-17 01:51:58,417 - INFO - Best model saved to ../Train Data/Checkpoints/google bert\best_model.pth
2025-04-17 01:51:58,418 - INFO - Testing loss for epoch 5: 0.5429397198010464
2025-04-17 01:51:58,418 - INFO - Testing accuracy for epoch 5: 73.72448979591837
2025-04-17 01:51:58,418 - INFO - Testing F1 score for epoch 5: 0.5502183437347412

2025-04-17 01:51:58,418 - INFO - Current Learning rate: [0.001]
2025-04-17 01:52:01,330 - INFO - Checkpoint saved to ../Train Data/Checkpoints/google bert\model_epoch_5.pth
2025-04-17 01:54:21,920 - INFO - Training loss for epoch 6: 0.4320064630016856
2025-04-17 01:54:21,920 - INFO - Training accuracy for epoch 6: 80.45977011494253
2025-04-17 01:54:21,920 - INFO - Training F1 score for epoch 6: 0.7410756945610046
2025-04-17 01:54:36,478 - INFO - Best model saved to ../Train Data/Checkpoints/google bert\best_model.pth
2025-04-17 01:54:36,479 - INFO - Testing loss for epoch 6: 0.5195573731040468
2025-04-17 01:54:36,479 - INFO - Testing accuracy for epoch 6: 77.16836734693878
2025-04-17 01:54:36,479 - INFO - Testing F1 score for epoch 6: 0.6199575662612915

2025-04-17 01:54:36,479 - INFO - Current Learning rate: [0.001]
2025-04-17 01:54:39,407 - INFO - Checkpoint saved to ../Train Data/Checkpoints/google bert\model_epoch_6.pth
2025-04-17 01:57:10,796 - INFO - Training loss for epoch 7: 0.40053505213909796
2025-04-17 01:57:10,796 - INFO - Training accuracy for epoch 7: 82.36350574712644
2025-04-17 01:57:10,796 - INFO - Training F1 score for epoch 7: 0.7671882510185242
2025-04-17 01:57:26,883 - INFO - Best model saved to ../Train Data/Checkpoints/google bert\best_model.pth
2025-04-17 01:57:26,883 - INFO - Testing loss for epoch 7: 0.508356609210676
2025-04-17 01:57:26,883 - INFO - Testing accuracy for epoch 7: 77.29591836734694
2025-04-17 01:57:26,884 - INFO - Testing F1 score for epoch 7: 0.6536964774131775

2025-04-17 01:57:26,884 - INFO - Current Learning rate: [0.001]
2025-04-17 01:57:29,761 - INFO - Checkpoint saved to ../Train Data/Checkpoints/google bert\model_epoch_7.pth
2025-04-17 02:00:01,698 - INFO - Training loss for epoch 8: 0.3822967293618739
2025-04-17 02:00:01,698 - INFO - Training accuracy for epoch 8: 83.38721264367815
2025-04-17 02:00:01,698 - INFO - Training F1 score for epoch 8: 0.7833216190338135
2025-04-17 02:00:17,327 - INFO - Best model saved to ../Train Data/Checkpoints/google bert\best_model.pth
2025-04-17 02:00:17,328 - INFO - Testing loss for epoch 8: 0.5066677931011939
2025-04-17 02:00:17,328 - INFO - Testing accuracy for epoch 8: 78.8265306122449
2025-04-17 02:00:17,328 - INFO - Testing F1 score for epoch 8: 0.6541666388511658

2025-04-17 02:00:17,328 - INFO - Current Learning rate: [0.001]
2025-04-17 02:00:20,241 - INFO - Checkpoint saved to ../Train Data/Checkpoints/google bert\model_epoch_8.pth
2025-04-17 02:02:50,259 - INFO - Training loss for epoch 9: 0.3439322030706995
2025-04-17 02:02:50,259 - INFO - Training accuracy for epoch 9: 85.39870689655173
2025-04-17 02:02:50,259 - INFO - Training F1 score for epoch 9: 0.8116747736930847
2025-04-17 02:03:05,753 - INFO - Best model saved to ../Train Data/Checkpoints/google bert\best_model.pth
2025-04-17 02:03:05,754 - INFO - Testing loss for epoch 9: 0.4826992862686819
2025-04-17 02:03:05,754 - INFO - Testing accuracy for epoch 9: 79.20918367346938
2025-04-17 02:03:05,754 - INFO - Testing F1 score for epoch 9: 0.7030965685844421

2025-04-17 02:03:05,754 - INFO - Current Learning rate: [0.001]
2025-04-17 02:03:08,835 - INFO - Checkpoint saved to ../Train Data/Checkpoints/google bert\model_epoch_9.pth
2025-04-17 02:05:39,534 - INFO - Training loss for epoch 10: 0.3266865123791256
2025-04-17 02:05:39,534 - INFO - Training accuracy for epoch 10: 85.8117816091954
2025-04-17 02:05:39,534 - INFO - Training F1 score for epoch 10: 0.8193873167037964
2025-04-17 02:05:55,451 - INFO - Best model saved to ../Train Data/Checkpoints/google bert\best_model.pth
2025-04-17 02:05:55,451 - INFO - Testing loss for epoch 10: 0.4699457217844165
2025-04-17 02:05:55,451 - INFO - Testing accuracy for epoch 10: 80.99489795918367
2025-04-17 02:05:55,451 - INFO - Testing F1 score for epoch 10: 0.7408695816993713

2025-04-17 02:05:55,451 - INFO - Current Learning rate: [0.001]
2025-04-17 02:05:58,343 - INFO - Checkpoint saved to ../Train Data/Checkpoints/google bert\model_epoch_10.pth
2025-04-17 02:08:29,819 - INFO - Training loss for epoch 11: 0.30526092032976876
2025-04-17 02:08:29,819 - INFO - Training accuracy for epoch 11: 87.48204022988506
2025-04-17 02:08:29,820 - INFO - Training F1 score for epoch 11: 0.8399540781974792
2025-04-17 02:08:42,508 - INFO - Testing loss for epoch 11: 0.49256933693374905
2025-04-17 02:08:42,508 - INFO - Testing accuracy for epoch 11: 81.37755102040816
2025-04-17 02:08:42,509 - INFO - Testing F1 score for epoch 11: 0.7234848737716675

2025-04-17 02:08:42,509 - INFO - Current Learning rate: [0.001]
2025-04-17 02:08:45,071 - INFO - Checkpoint saved to ../Train Data/Checkpoints/google bert\model_epoch_11.pth
2025-04-17 02:11:16,827 - INFO - Training loss for epoch 12: 0.28738656676984553
2025-04-17 02:11:16,827 - INFO - Training accuracy for epoch 12: 88.23635057471265
2025-04-17 02:11:16,827 - INFO - Training F1 score for epoch 12: 0.8489042520523071
2025-04-17 02:11:29,762 - INFO - Testing loss for epoch 12: 0.5092761690291215
2025-04-17 02:11:29,762 - INFO - Testing accuracy for epoch 12: 81.76020408163265
2025-04-17 02:11:29,762 - INFO - Testing F1 score for epoch 12: 0.7276190519332886

2025-04-17 02:11:29,763 - INFO - Current Learning rate: [0.001]
2025-04-17 02:11:32,462 - INFO - Checkpoint saved to ../Train Data/Checkpoints/google bert\model_epoch_12.pth
2025-04-17 02:14:07,728 - INFO - Training loss for epoch 13: 0.2910542834935517
2025-04-17 02:14:07,728 - INFO - Training accuracy for epoch 13: 88.20043103448276
2025-04-17 02:14:07,728 - INFO - Training F1 score for epoch 13: 0.8480222225189209
2025-04-17 02:14:21,097 - INFO - Testing loss for epoch 13: 0.4607273841999015
2025-04-17 02:14:21,097 - INFO - Testing accuracy for epoch 13: 82.2704081632653
2025-04-17 02:14:21,097 - INFO - Testing F1 score for epoch 13: 0.7321772575378418

2025-04-17 02:14:21,097 - INFO - Current Learning rate: [0.001]
2025-04-17 02:14:23,824 - INFO - Checkpoint saved to ../Train Data/Checkpoints/google bert\model_epoch_13.pth
2025-04-17 02:16:58,924 - INFO - Training loss for epoch 14: 0.2711187919880124
2025-04-17 02:16:58,924 - INFO - Training accuracy for epoch 14: 89.15229885057471
2025-04-17 02:16:58,924 - INFO - Training F1 score for epoch 14: 0.85973060131073
2025-04-17 02:17:14,695 - INFO - Best model saved to ../Train Data/Checkpoints/google bert\best_model.pth
2025-04-17 02:17:14,695 - INFO - Testing loss for epoch 14: 0.4471630110424392
2025-04-17 02:17:14,695 - INFO - Testing accuracy for epoch 14: 84.43877551020408
2025-04-17 02:17:14,695 - INFO - Testing F1 score for epoch 14: 0.7789855003356934

2025-04-17 02:17:14,695 - INFO - Current Learning rate: [0.001]
2025-04-17 02:17:17,510 - INFO - Checkpoint saved to ../Train Data/Checkpoints/google bert\model_epoch_14.pth
2025-04-17 02:19:52,093 - INFO - Training loss for epoch 15: 0.2598539648855897
2025-04-17 02:19:52,093 - INFO - Training accuracy for epoch 15: 89.20617816091954
2025-04-17 02:19:52,093 - INFO - Training F1 score for epoch 15: 0.8616163730621338
2025-04-17 02:20:05,630 - INFO - Testing loss for epoch 15: 0.5345819473114549
2025-04-17 02:20:05,630 - INFO - Testing accuracy for epoch 15: 83.16326530612245
2025-04-17 02:20:05,630 - INFO - Testing F1 score for epoch 15: 0.7360000014305115

2025-04-17 02:20:05,630 - INFO - Current Learning rate: [0.001]
2025-04-17 02:20:08,526 - INFO - Checkpoint saved to ../Train Data/Checkpoints/google bert\model_epoch_15.pth
2025-04-17 02:22:42,177 - INFO - Training loss for epoch 16: 0.23861804540702625
2025-04-17 02:22:42,177 - INFO - Training accuracy for epoch 16: 91.12787356321839
2025-04-17 02:22:42,177 - INFO - Training F1 score for epoch 16: 0.8851162791252136
2025-04-17 02:22:55,376 - INFO - Testing loss for epoch 16: 0.4582732785113004
2025-04-17 02:22:55,377 - INFO - Testing accuracy for epoch 16: 82.01530612244898
2025-04-17 02:22:55,377 - INFO - Testing F1 score for epoch 16: 0.7151514887809753

2025-04-17 02:22:55,377 - INFO - Current Learning rate: [0.001]
2025-04-17 02:22:58,117 - INFO - Checkpoint saved to ../Train Data/Checkpoints/google bert\model_epoch_16.pth
2025-04-17 02:25:32,235 - INFO - Training loss for epoch 17: 0.23654908669480904
2025-04-17 02:25:32,235 - INFO - Training accuracy for epoch 17: 91.37931034482759
2025-04-17 02:25:32,235 - INFO - Training F1 score for epoch 17: 0.8876930475234985
2025-04-17 02:25:45,859 - INFO - Testing loss for epoch 17: 0.48849971668452635
2025-04-17 02:25:45,859 - INFO - Testing accuracy for epoch 17: 82.01530612244898
2025-04-17 02:25:45,860 - INFO - Testing F1 score for epoch 17: 0.7272727489471436

2025-04-17 02:25:45,860 - INFO - Current Learning rate: [0.0005]
2025-04-17 02:25:48,455 - INFO - Checkpoint saved to ../Train Data/Checkpoints/google bert\model_epoch_17.pth
2025-04-17 02:28:21,947 - INFO - Training loss for epoch 18: 0.21258169987731368
2025-04-17 02:28:21,947 - INFO - Training accuracy for epoch 18: 92.09770114942529
2025-04-17 02:28:21,947 - INFO - Training F1 score for epoch 18: 0.8978170156478882
2025-04-17 02:28:34,982 - INFO - Testing loss for epoch 18: 0.5345372231297043
2025-04-17 02:28:34,982 - INFO - Testing accuracy for epoch 18: 83.92857142857143
2025-04-17 02:28:34,982 - INFO - Testing F1 score for epoch 18: 0.7529411911964417

2025-04-17 02:28:34,982 - INFO - Current Learning rate: [0.0005]
2025-04-17 02:28:37,664 - INFO - Checkpoint saved to ../Train Data/Checkpoints/google bert\model_epoch_18.pth
2025-04-17 02:31:10,157 - INFO - Training loss for epoch 19: 0.1727409438824217
2025-04-17 02:31:10,157 - INFO - Training accuracy for epoch 19: 94.09123563218391
2025-04-17 02:31:10,158 - INFO - Training F1 score for epoch 19: 0.9232205152511597
2025-04-17 02:31:23,511 - INFO - Testing loss for epoch 19: 0.44794392053570065
2025-04-17 02:31:23,511 - INFO - Testing accuracy for epoch 19: 83.80102040816327
2025-04-17 02:31:23,511 - INFO - Testing F1 score for epoch 19: 0.7678244709968567

2025-04-17 02:31:23,512 - INFO - Current Learning rate: [0.0005]
2025-04-17 02:31:26,173 - INFO - Checkpoint saved to ../Train Data/Checkpoints/google bert\model_epoch_19.pth
2025-04-17 02:33:59,064 - INFO - Training loss for epoch 20: 0.15438476151749278
2025-04-17 02:33:59,064 - INFO - Training accuracy for epoch 20: 94.64798850574712
2025-04-17 02:33:59,064 - INFO - Training F1 score for epoch 20: 0.930568516254425
2025-04-17 02:34:12,369 - INFO - Testing loss for epoch 20: 0.5414551020580896
2025-04-17 02:34:12,369 - INFO - Testing accuracy for epoch 20: 83.16326530612245
2025-04-17 02:34:12,369 - INFO - Testing F1 score for epoch 20: 0.7471264600753784

2025-04-17 02:34:12,369 - INFO - Current Learning rate: [0.00025]
2025-04-17 02:34:15,007 - INFO - Checkpoint saved to ../Train Data/Checkpoints/google bert\model_epoch_20.pth
2025-04-17 02:36:49,455 - INFO - Training loss for epoch 21: 0.1458283076504374
2025-04-17 02:36:49,456 - INFO - Training accuracy for epoch 21: 95.22270114942529
2025-04-17 02:36:49,456 - INFO - Training F1 score for epoch 21: 0.9381107687950134
2025-04-17 02:37:02,056 - INFO - Testing loss for epoch 21: 0.5521244418484216
2025-04-17 02:37:02,056 - INFO - Testing accuracy for epoch 21: 83.80102040816327
2025-04-17 02:37:02,056 - INFO - Testing F1 score for epoch 21: 0.7617260813713074

2025-04-17 02:37:02,057 - INFO - Current Learning rate: [0.00025]
2025-04-17 02:37:04,626 - INFO - Checkpoint saved to ../Train Data/Checkpoints/google bert\model_epoch_21.pth
2025-04-17 02:39:38,162 - INFO - Training loss for epoch 22: 0.11744335480937573
2025-04-17 02:39:38,162 - INFO - Training accuracy for epoch 22: 96.39008620689656
2025-04-17 02:39:38,162 - INFO - Training F1 score for epoch 22: 0.9530921578407288
2025-04-17 02:39:51,493 - INFO - Testing loss for epoch 22: 0.5229951047281526
2025-04-17 02:39:51,493 - INFO - Testing accuracy for epoch 22: 83.6734693877551
2025-04-17 02:39:51,493 - INFO - Testing F1 score for epoch 22: 0.7538461685180664

2025-04-17 02:39:51,494 - INFO - Current Learning rate: [0.00025]
2025-04-17 02:39:54,110 - INFO - Checkpoint saved to ../Train Data/Checkpoints/google bert\model_epoch_22.pth
2025-04-17 02:42:26,217 - INFO - Training loss for epoch 23: 0.11734363049116178
2025-04-17 02:42:26,217 - INFO - Training accuracy for epoch 23: 96.1566091954023
2025-04-17 02:42:26,217 - INFO - Training F1 score for epoch 23: 0.9501398205757141
2025-04-17 02:42:39,777 - INFO - Testing loss for epoch 23: 0.566892032435506
2025-04-17 02:42:39,778 - INFO - Testing accuracy for epoch 23: 83.92857142857143
2025-04-17 02:42:39,778 - INFO - Testing F1 score for epoch 23: 0.7548637986183167

2025-04-17 02:42:39,778 - INFO - Current Learning rate: [0.000125]
2025-04-17 02:42:42,346 - INFO - Checkpoint saved to ../Train Data/Checkpoints/google bert\model_epoch_23.pth
2025-04-17 02:45:16,379 - INFO - Training loss for epoch 24: 0.1135784704509143
2025-04-17 02:45:16,379 - INFO - Training accuracy for epoch 24: 96.37212643678161
2025-04-17 02:45:16,379 - INFO - Training F1 score for epoch 24: 0.9531105160713196
2025-04-17 02:45:30,076 - INFO - Testing loss for epoch 24: 0.5290431503244505
2025-04-17 02:45:30,077 - INFO - Testing accuracy for epoch 24: 83.29081632653062
2025-04-17 02:45:30,077 - INFO - Testing F1 score for epoch 24: 0.7466151118278503

2025-04-17 02:45:30,077 - INFO - Current Learning rate: [0.000125]
2025-04-17 02:45:32,677 - INFO - Checkpoint saved to ../Train Data/Checkpoints/google bert\model_epoch_24.pth
2025-04-17 02:48:07,495 - INFO - Training loss for epoch 25: 0.11873087307054217
2025-04-17 02:48:07,496 - INFO - Training accuracy for epoch 25: 96.17456896551724
2025-04-17 02:48:07,496 - INFO - Training F1 score for epoch 25: 0.9504996538162231
2025-04-17 02:48:20,732 - INFO - Testing loss for epoch 25: 0.5395879685802727
2025-04-17 02:48:20,732 - INFO - Testing accuracy for epoch 25: 84.18367346938776
2025-04-17 02:48:20,732 - INFO - Testing F1 score for epoch 25: 0.7596899271011353

2025-04-17 02:48:20,733 - INFO - Current Learning rate: [0.000125]
2025-04-17 02:48:23,437 - INFO - Checkpoint saved to ../Train Data/Checkpoints/google bert\model_epoch_25.pth
2025-04-17 02:50:54,037 - INFO - Training loss for epoch 26: 0.10343462303441403
2025-04-17 02:50:54,037 - INFO - Training accuracy for epoch 26: 96.78520114942529
2025-04-17 02:50:54,037 - INFO - Training F1 score for epoch 26: 0.9584397673606873
2025-04-17 02:51:06,867 - INFO - Testing loss for epoch 26: 0.48679985657182273
2025-04-17 02:51:06,867 - INFO - Testing accuracy for epoch 26: 83.6734693877551
2025-04-17 02:51:06,867 - INFO - Testing F1 score for epoch 26: 0.7450199127197266

2025-04-17 02:51:06,867 - INFO - Current Learning rate: [6.25e-05]
2025-04-17 02:51:09,396 - INFO - Checkpoint saved to ../Train Data/Checkpoints/google bert\model_epoch_26.pth
2025-04-17 02:53:40,578 - INFO - Training loss for epoch 27: 0.07933019782883521
2025-04-17 02:53:40,578 - INFO - Training accuracy for epoch 27: 97.66522988505747
2025-04-17 02:53:40,578 - INFO - Training F1 score for epoch 27: 0.9697533845901489
2025-04-17 02:53:53,505 - INFO - Testing loss for epoch 27: 0.5268682036548853
2025-04-17 02:53:53,506 - INFO - Testing accuracy for epoch 27: 83.54591836734694
2025-04-17 02:53:53,506 - INFO - Testing F1 score for epoch 27: 0.7533460855484009

2025-04-17 02:53:53,506 - INFO - Current Learning rate: [6.25e-05]
2025-04-17 02:53:56,229 - INFO - Checkpoint saved to ../Train Data/Checkpoints/google bert\model_epoch_27.pth
2025-04-17 02:56:28,389 - INFO - Training loss for epoch 28: 0.09764049188856132
2025-04-17 02:56:28,389 - INFO - Training accuracy for epoch 28: 96.85704022988506
2025-04-17 02:56:28,389 - INFO - Training F1 score for epoch 28: 0.9592549204826355
2025-04-17 02:56:41,240 - INFO - Testing loss for epoch 28: 0.4932179087202768
2025-04-17 02:56:41,240 - INFO - Testing accuracy for epoch 28: 83.41836734693878
2025-04-17 02:56:41,240 - INFO - Testing F1 score for epoch 28: 0.7420634627342224

2025-04-17 02:56:41,240 - INFO - Current Learning rate: [6.25e-05]
2025-04-17 02:56:43,882 - INFO - Checkpoint saved to ../Train Data/Checkpoints/google bert\model_epoch_28.pth
2025-04-17 02:59:13,551 - INFO - Training loss for epoch 29: 0.08926280529352691
2025-04-17 02:59:13,551 - INFO - Training accuracy for epoch 29: 97.2521551724138
2025-04-17 02:59:13,551 - INFO - Training F1 score for epoch 29: 0.964492917060852
2025-04-17 02:59:26,658 - INFO - Testing loss for epoch 29: 0.5375440401804387
2025-04-17 02:59:26,658 - INFO - Testing accuracy for epoch 29: 83.80102040816327
2025-04-17 02:59:26,658 - INFO - Testing F1 score for epoch 29: 0.7514677047729492

2025-04-17 02:59:26,658 - INFO - Current Learning rate: [3.125e-05]
2025-04-17 02:59:29,275 - INFO - Checkpoint saved to ../Train Data/Checkpoints/google bert\model_epoch_29.pth
2025-04-17 03:01:58,814 - INFO - Training loss for epoch 30: 0.07398385600750228
2025-04-17 03:01:58,814 - INFO - Training accuracy for epoch 30: 97.57543103448276
2025-04-17 03:01:58,814 - INFO - Training F1 score for epoch 30: 0.9685827493667603
2025-04-17 03:02:11,455 - INFO - Testing loss for epoch 30: 0.6263343396368531
2025-04-17 03:02:11,455 - INFO - Testing accuracy for epoch 30: 83.41836734693878
2025-04-17 03:02:11,456 - INFO - Testing F1 score for epoch 30: 0.7420634627342224

2025-04-17 03:02:11,456 - INFO - Current Learning rate: [3.125e-05]
2025-04-17 03:02:14,117 - INFO - Checkpoint saved to ../Train Data/Checkpoints/google bert\model_epoch_30.pth
2025-04-17 03:04:44,332 - INFO - Training loss for epoch 31: 0.08982497588587501
2025-04-17 03:04:44,332 - INFO - Training accuracy for epoch 31: 97.16235632183908
2025-04-17 03:04:44,332 - INFO - Training F1 score for epoch 31: 0.9631873369216919
2025-04-17 03:04:56,568 - INFO - Testing loss for epoch 31: 0.5617436461758857
2025-04-17 03:04:56,568 - INFO - Testing accuracy for epoch 31: 83.29081632653062
2025-04-17 03:04:56,568 - INFO - Testing F1 score for epoch 31: 0.7416173815727234

2025-04-17 03:04:56,568 - INFO - Current Learning rate: [3.125e-05]
2025-04-17 03:04:59,106 - INFO - Checkpoint saved to ../Train Data/Checkpoints/google bert\model_epoch_31.pth
2025-04-17 03:07:29,766 - INFO - Training loss for epoch 32: 0.08388355867813432
2025-04-17 03:07:29,766 - INFO - Training accuracy for epoch 32: 97.32399425287356
2025-04-17 03:07:29,766 - INFO - Training F1 score for epoch 32: 0.9654693007469177
2025-04-17 03:07:42,648 - INFO - Testing loss for epoch 32: 0.5397773989837389
2025-04-17 03:07:42,648 - INFO - Testing accuracy for epoch 32: 83.92857142857143
2025-04-17 03:07:42,648 - INFO - Testing F1 score for epoch 32: 0.7558139562606812

2025-04-17 03:07:42,648 - INFO - Current Learning rate: [1.5625e-05]
2025-04-17 03:07:45,225 - INFO - Checkpoint saved to ../Train Data/Checkpoints/google bert\model_epoch_32.pth
2025-04-17 03:10:15,078 - INFO - Training loss for epoch 33: 0.08633409268704467
2025-04-17 03:10:15,079 - INFO - Training accuracy for epoch 33: 97.503591954023
2025-04-17 03:10:15,079 - INFO - Training F1 score for epoch 33: 0.9676819443702698
2025-04-17 03:10:28,124 - INFO - Testing loss for epoch 33: 0.5492879952380092
2025-04-17 03:10:28,124 - INFO - Testing accuracy for epoch 33: 83.41836734693878
2025-04-17 03:10:28,124 - INFO - Testing F1 score for epoch 33: 0.748062014579773

2025-04-17 03:10:28,124 - INFO - Current Learning rate: [1.5625e-05]
2025-04-17 03:10:30,746 - INFO - Checkpoint saved to ../Train Data/Checkpoints/google bert\model_epoch_33.pth
2025-04-17 03:13:00,648 - INFO - Training loss for epoch 34: 0.08028364558078632
2025-04-17 03:13:00,648 - INFO - Training accuracy for epoch 34: 97.55747126436782
2025-04-17 03:13:00,648 - INFO - Training F1 score for epoch 34: 0.9683573842048645
2025-04-17 03:13:13,490 - INFO - Testing loss for epoch 34: 0.5540229033450691
2025-04-17 03:13:13,491 - INFO - Testing accuracy for epoch 34: 83.29081632653062
2025-04-17 03:13:13,491 - INFO - Testing F1 score for epoch 34: 0.7374749779701233

2025-04-17 03:13:13,491 - INFO - Current Learning rate: [1.5625e-05]
2025-04-17 03:13:16,102 - INFO - Checkpoint saved to ../Train Data/Checkpoints/google bert\model_epoch_34.pth
2025-04-17 03:15:45,394 - INFO - Training loss for epoch 35: 0.08791904618706682
2025-04-17 03:15:45,394 - INFO - Training accuracy for epoch 35: 97.39583333333333
2025-04-17 03:15:45,394 - INFO - Training F1 score for epoch 35: 0.9662712216377258
2025-04-17 03:15:57,911 - INFO - Testing loss for epoch 35: 0.6233826125686874
2025-04-17 03:15:57,911 - INFO - Testing accuracy for epoch 35: 83.80102040816327
2025-04-17 03:15:57,911 - INFO - Testing F1 score for epoch 35: 0.7444667816162109

2025-04-17 03:15:57,911 - INFO - Current Learning rate: [7.8125e-06]
2025-04-17 03:16:00,485 - INFO - Checkpoint saved to ../Train Data/Checkpoints/google bert\model_epoch_35.pth
2025-04-17 03:18:30,039 - INFO - Training loss for epoch 36: 0.07168090303666654
2025-04-17 03:18:30,040 - INFO - Training accuracy for epoch 36: 97.66522988505747
2025-04-17 03:18:30,040 - INFO - Training F1 score for epoch 36: 0.9697533845901489
2025-04-17 03:18:42,955 - INFO - Testing loss for epoch 36: 0.5345781362444466
2025-04-17 03:18:42,956 - INFO - Testing accuracy for epoch 36: 83.54591836734694
2025-04-17 03:18:42,956 - INFO - Testing F1 score for epoch 36: 0.7445544600486755

2025-04-17 03:18:42,956 - INFO - Current Learning rate: [7.8125e-06]
2025-04-17 03:18:45,490 - INFO - Checkpoint saved to ../Train Data/Checkpoints/google bert\model_epoch_36.pth
2025-04-17 03:21:14,993 - INFO - Training loss for epoch 37: 0.08174870634433444
2025-04-17 03:21:14,994 - INFO - Training accuracy for epoch 37: 97.5933908045977
2025-04-17 03:21:14,994 - INFO - Training F1 score for epoch 37: 0.968909502029419
2025-04-17 03:21:28,000 - INFO - Testing loss for epoch 37: 0.5201162091285294
2025-04-17 03:21:28,001 - INFO - Testing accuracy for epoch 37: 83.92857142857143
2025-04-17 03:21:28,001 - INFO - Testing F1 score for epoch 37: 0.7480000257492065

2025-04-17 03:21:28,001 - INFO - Current Learning rate: [7.8125e-06]
2025-04-17 03:21:30,678 - INFO - Checkpoint saved to ../Train Data/Checkpoints/google bert\model_epoch_37.pth
2025-04-17 03:24:00,694 - INFO - Training loss for epoch 38: 0.08348603595895211
2025-04-17 03:24:00,695 - INFO - Training accuracy for epoch 38: 97.66522988505747
2025-04-17 03:24:00,695 - INFO - Training F1 score for epoch 38: 0.9699074029922485
2025-04-17 03:24:13,071 - INFO - Testing loss for epoch 38: 0.6017925125755825
2025-04-17 03:24:13,071 - INFO - Testing accuracy for epoch 38: 83.6734693877551
2025-04-17 03:24:13,071 - INFO - Testing F1 score for epoch 38: 0.7398374080657959

2025-04-17 03:24:13,071 - INFO - Current Learning rate: [3.90625e-06]
2025-04-17 03:24:15,763 - INFO - Checkpoint saved to ../Train Data/Checkpoints/google bert\model_epoch_38.pth
2025-04-17 03:26:46,642 - INFO - Training loss for epoch 39: 0.0666312237683986
2025-04-17 03:26:46,642 - INFO - Training accuracy for epoch 39: 97.64727011494253
2025-04-17 03:26:46,642 - INFO - Training F1 score for epoch 39: 0.9694282412528992
2025-04-17 03:26:59,099 - INFO - Testing loss for epoch 39: 0.5227710579578974
2025-04-17 03:26:59,100 - INFO - Testing accuracy for epoch 39: 83.41836734693878
2025-04-17 03:26:59,100 - INFO - Testing F1 score for epoch 39: 0.7420634627342224

2025-04-17 03:26:59,100 - INFO - Current Learning rate: [3.90625e-06]
2025-04-17 03:27:01,620 - INFO - Checkpoint saved to ../Train Data/Checkpoints/google bert\model_epoch_39.pth
2025-04-17 03:29:29,826 - INFO - Training loss for epoch 40: 0.09241031070143499
2025-04-17 03:29:29,826 - INFO - Training accuracy for epoch 40: 96.85704022988506
2025-04-17 03:29:29,826 - INFO - Training F1 score for epoch 40: 0.9596495032310486
2025-04-17 03:29:42,092 - INFO - Testing loss for epoch 40: 0.5441542090467957
2025-04-17 03:29:42,092 - INFO - Testing accuracy for epoch 40: 83.92857142857143
2025-04-17 03:29:42,092 - INFO - Testing F1 score for epoch 40: 0.7459677457809448

2025-04-17 03:29:42,092 - INFO - Current Learning rate: [3.90625e-06]
2025-04-17 03:29:44,652 - INFO - Checkpoint saved to ../Train Data/Checkpoints/google bert\model_epoch_40.pth
2025-04-17 03:32:14,223 - INFO - Training loss for epoch 41: 0.08538398505961281
2025-04-17 03:32:14,224 - INFO - Training accuracy for epoch 41: 97.39583333333333
2025-04-17 03:32:14,224 - INFO - Training F1 score for epoch 41: 0.9662240743637085
2025-04-17 03:32:26,950 - INFO - Testing loss for epoch 41: 0.5084509911509801
2025-04-17 03:32:26,950 - INFO - Testing accuracy for epoch 41: 83.6734693877551
2025-04-17 03:32:26,951 - INFO - Testing F1 score for epoch 41: 0.7419354915618896

2025-04-17 03:32:26,951 - INFO - Current Learning rate: [1.953125e-06]
2025-04-17 03:32:29,543 - INFO - Checkpoint saved to ../Train Data/Checkpoints/google bert\model_epoch_41.pth
2025-04-17 03:34:59,804 - INFO - Training loss for epoch 42: 0.08549823602842135
2025-04-17 03:34:59,804 - INFO - Training accuracy for epoch 42: 97.44971264367815
2025-04-17 03:34:59,804 - INFO - Training F1 score for epoch 42: 0.966946005821228
2025-04-17 03:35:12,747 - INFO - Testing loss for epoch 42: 0.5720727080859396
2025-04-17 03:35:12,748 - INFO - Testing accuracy for epoch 42: 83.41836734693878
2025-04-17 03:35:12,748 - INFO - Testing F1 score for epoch 42: 0.7420634627342224

2025-04-17 03:35:12,748 - INFO - Current Learning rate: [1.953125e-06]
2025-04-17 03:35:15,341 - INFO - Checkpoint saved to ../Train Data/Checkpoints/google bert\model_epoch_42.pth
2025-04-17 03:37:45,371 - INFO - Training loss for epoch 43: 0.08115713752072903
2025-04-17 03:37:45,371 - INFO - Training accuracy for epoch 43: 97.43175287356321
2025-04-17 03:37:45,371 - INFO - Training F1 score for epoch 43: 0.9668904542922974
2025-04-17 03:37:57,667 - INFO - Testing loss for epoch 43: 0.5311977898664012
2025-04-17 03:37:57,667 - INFO - Testing accuracy for epoch 43: 83.54591836734694
2025-04-17 03:37:57,667 - INFO - Testing F1 score for epoch 43: 0.7414829730987549

2025-04-17 03:37:57,667 - INFO - Current Learning rate: [1.953125e-06]
2025-04-17 03:38:00,254 - INFO - Checkpoint saved to ../Train Data/Checkpoints/google bert\model_epoch_43.pth
2025-04-17 03:40:29,640 - INFO - Training loss for epoch 44: 0.07591378830952687
2025-04-17 03:40:29,641 - INFO - Training accuracy for epoch 44: 97.57543103448276
2025-04-17 03:40:29,641 - INFO - Training F1 score for epoch 44: 0.968684732913971
2025-04-17 03:40:42,082 - INFO - Testing loss for epoch 44: 0.5811248900824968
2025-04-17 03:40:42,082 - INFO - Testing accuracy for epoch 44: 83.41836734693878
2025-04-17 03:40:42,082 - INFO - Testing F1 score for epoch 44: 0.7420634627342224

2025-04-17 03:40:42,082 - INFO - Current Learning rate: [1e-06]
2025-04-17 03:40:44,681 - INFO - Checkpoint saved to ../Train Data/Checkpoints/google bert\model_epoch_44.pth
2025-04-17 03:43:15,026 - INFO - Training loss for epoch 45: 0.07768506099233784
2025-04-17 03:43:15,026 - INFO - Training accuracy for epoch 45: 97.70114942528735
2025-04-17 03:43:15,026 - INFO - Training F1 score for epoch 45: 0.9702463746070862
2025-04-17 03:43:27,716 - INFO - Testing loss for epoch 45: 0.5307530615934912
2025-04-17 03:43:27,717 - INFO - Testing accuracy for epoch 45: 83.80102040816327
2025-04-17 03:43:27,717 - INFO - Testing F1 score for epoch 45: 0.7454909682273865

2025-04-17 03:43:27,717 - INFO - Current Learning rate: [1e-06]
2025-04-17 03:43:30,307 - INFO - Checkpoint saved to ../Train Data/Checkpoints/google bert\model_epoch_45.pth
2025-04-17 03:46:01,456 - INFO - Training loss for epoch 46: 0.07944281892074893
2025-04-17 03:46:01,456 - INFO - Training accuracy for epoch 46: 97.41379310344827
2025-04-17 03:46:01,456 - INFO - Training F1 score for epoch 46: 0.9665272235870361
2025-04-17 03:46:13,960 - INFO - Testing loss for epoch 46: 0.5234825028182597
2025-04-17 03:46:13,960 - INFO - Testing accuracy for epoch 46: 83.92857142857143
2025-04-17 03:46:13,960 - INFO - Testing F1 score for epoch 46: 0.7490040063858032

2025-04-17 03:46:13,960 - INFO - Current Learning rate: [1e-06]
2025-04-17 03:46:16,582 - INFO - Checkpoint saved to ../Train Data/Checkpoints/google bert\model_epoch_46.pth
2025-04-17 03:48:45,769 - INFO - Training loss for epoch 47: 0.0985052381918482
2025-04-17 03:48:45,769 - INFO - Training accuracy for epoch 47: 96.82112068965517
2025-04-17 03:48:45,769 - INFO - Training F1 score for epoch 47: 0.9591884016990662
2025-04-17 03:48:58,560 - INFO - Testing loss for epoch 47: 0.5296026625271354
2025-04-17 03:48:58,560 - INFO - Testing accuracy for epoch 47: 83.54591836734694
2025-04-17 03:48:58,560 - INFO - Testing F1 score for epoch 47: 0.7435387969017029

2025-04-17 03:48:58,560 - INFO - Current Learning rate: [1e-06]
2025-04-17 03:49:01,128 - INFO - Checkpoint saved to ../Train Data/Checkpoints/google bert\model_epoch_47.pth
2025-04-17 03:51:31,200 - INFO - Training loss for epoch 48: 0.08508832325614271
2025-04-17 03:51:31,200 - INFO - Training accuracy for epoch 48: 97.18031609195403
2025-04-17 03:51:31,200 - INFO - Training F1 score for epoch 48: 0.9636321663856506
2025-04-17 03:51:43,724 - INFO - Testing loss for epoch 48: 0.5673267931050184
2025-04-17 03:51:43,724 - INFO - Testing accuracy for epoch 48: 83.41836734693878
2025-04-17 03:51:43,725 - INFO - Testing F1 score for epoch 48: 0.7389557957649231

2025-04-17 03:51:43,725 - INFO - Current Learning rate: [1e-06]
2025-04-17 03:51:46,348 - INFO - Checkpoint saved to ../Train Data/Checkpoints/google bert\model_epoch_48.pth
2025-04-17 03:54:15,999 - INFO - Training loss for epoch 49: 0.06565083252769846
2025-04-17 03:54:15,999 - INFO - Training accuracy for epoch 49: 97.79094827586206
2025-04-17 03:54:15,999 - INFO - Training F1 score for epoch 49: 0.9711199998855591
2025-04-17 03:54:29,026 - INFO - Testing loss for epoch 49: 0.5698188161667512
2025-04-17 03:54:29,026 - INFO - Testing accuracy for epoch 49: 83.6734693877551
2025-04-17 03:54:29,027 - INFO - Testing F1 score for epoch 49: 0.7440000176429749

2025-04-17 03:54:29,027 - INFO - Current Learning rate: [1e-06]
2025-04-17 03:54:31,631 - INFO - Checkpoint saved to ../Train Data/Checkpoints/google bert\model_epoch_49.pth
2025-04-17 03:56:59,822 - INFO - Training loss for epoch 50: 0.0786765013189502
2025-04-17 03:56:59,823 - INFO - Training accuracy for epoch 50: 97.53951149425288
2025-04-17 03:56:59,823 - INFO - Training F1 score for epoch 50: 0.9681913256645203
2025-04-17 03:57:12,342 - INFO - Testing loss for epoch 50: 0.4991761887522072
2025-04-17 03:57:12,343 - INFO - Testing accuracy for epoch 50: 84.0561224489796
2025-04-17 03:57:12,343 - INFO - Testing F1 score for epoch 50: 0.747474730014801

2025-04-17 03:57:12,343 - INFO - Current Learning rate: [1e-06]
2025-04-17 03:57:14,900 - INFO - Checkpoint saved to ../Train Data/Checkpoints/google bert\model_epoch_50.pth
2025-04-17 03:59:45,740 - INFO - Training loss for epoch 51: 0.07463904527342483
2025-04-17 03:59:45,740 - INFO - Training accuracy for epoch 51: 97.53951149425288
2025-04-17 03:59:45,741 - INFO - Training F1 score for epoch 51: 0.9679082036018372
2025-04-17 03:59:58,721 - INFO - Testing loss for epoch 51: 0.6099033875733005
2025-04-17 03:59:58,722 - INFO - Testing accuracy for epoch 51: 83.80102040816327
2025-04-17 03:59:58,722 - INFO - Testing F1 score for epoch 51: 0.7444667816162109

2025-04-17 03:59:58,722 - INFO - Current Learning rate: [1e-06]
2025-04-17 04:00:01,328 - INFO - Checkpoint saved to ../Train Data/Checkpoints/google bert\model_epoch_51.pth
2025-04-17 04:02:31,968 - INFO - Training loss for epoch 52: 0.08285848554488053
2025-04-17 04:02:31,968 - INFO - Training accuracy for epoch 52: 97.27011494252874
2025-04-17 04:02:31,968 - INFO - Training F1 score for epoch 52: 0.9646511673927307
2025-04-17 04:02:44,735 - INFO - Testing loss for epoch 52: 0.5395385376652893
2025-04-17 04:02:44,736 - INFO - Testing accuracy for epoch 52: 83.29081632653062
2025-04-17 04:02:44,736 - INFO - Testing F1 score for epoch 52: 0.7385229468345642

2025-04-17 04:02:44,736 - INFO - Current Learning rate: [1e-06]
2025-04-17 04:02:47,558 - INFO - Checkpoint saved to ../Train Data/Checkpoints/google bert\model_epoch_52.pth
2025-04-17 04:05:16,447 - INFO - Training loss for epoch 53: 0.08006544416802454
2025-04-17 04:05:16,447 - INFO - Training accuracy for epoch 53: 97.2521551724138
2025-04-17 04:05:16,447 - INFO - Training F1 score for epoch 53: 0.9643771648406982
2025-04-17 04:05:29,447 - INFO - Testing loss for epoch 53: 0.5377297446473824
2025-04-17 04:05:29,448 - INFO - Testing accuracy for epoch 53: 83.41836734693878
2025-04-17 04:05:29,448 - INFO - Testing F1 score for epoch 53: 0.7410358786582947

2025-04-17 04:05:29,448 - INFO - Current Learning rate: [1e-06]
2025-04-17 04:05:32,092 - INFO - Checkpoint saved to ../Train Data/Checkpoints/google bert\model_epoch_53.pth
2025-04-17 04:08:02,589 - INFO - Training loss for epoch 54: 0.06560693988770556
2025-04-17 04:08:02,589 - INFO - Training accuracy for epoch 54: 97.98850574712644
2025-04-17 04:08:02,589 - INFO - Training F1 score for epoch 54: 0.973965585231781
2025-04-17 04:08:15,254 - INFO - Testing loss for epoch 54: 0.5826525950367202
2025-04-17 04:08:15,254 - INFO - Testing accuracy for epoch 54: 83.6734693877551
2025-04-17 04:08:15,254 - INFO - Testing F1 score for epoch 54: 0.7450199127197266

2025-04-17 04:08:15,254 - INFO - Current Learning rate: [1e-06]
2025-04-17 04:08:17,872 - INFO - Checkpoint saved to ../Train Data/Checkpoints/google bert\model_epoch_54.pth
2025-04-17 04:10:47,626 - INFO - Training loss for epoch 55: 0.07200136245161445
2025-04-17 04:10:47,626 - INFO - Training accuracy for epoch 55: 97.62931034482759
2025-04-17 04:10:47,626 - INFO - Training F1 score for epoch 55: 0.9692594408988953
2025-04-17 04:10:59,958 - INFO - Testing loss for epoch 55: 0.5670981277350564
2025-04-17 04:10:59,958 - INFO - Testing accuracy for epoch 55: 83.92857142857143
2025-04-17 04:10:59,958 - INFO - Testing F1 score for epoch 55: 0.7459677457809448

2025-04-17 04:10:59,958 - INFO - Current Learning rate: [1e-06]
2025-04-17 04:11:02,519 - INFO - Checkpoint saved to ../Train Data/Checkpoints/google bert\model_epoch_55.pth
2025-04-17 04:13:30,606 - INFO - Training loss for epoch 56: 0.08529278641766012
2025-04-17 04:13:30,606 - INFO - Training accuracy for epoch 56: 96.83908045977012
2025-04-17 04:13:30,606 - INFO - Training F1 score for epoch 56: 0.9592969417572021
2025-04-17 04:13:43,563 - INFO - Testing loss for epoch 56: 0.5401961739098995
2025-04-17 04:13:43,563 - INFO - Testing accuracy for epoch 56: 83.92857142857143
2025-04-17 04:13:43,563 - INFO - Testing F1 score for epoch 56: 0.7490040063858032

2025-04-17 04:13:43,563 - INFO - Current Learning rate: [1e-06]
2025-04-17 04:13:46,113 - INFO - Checkpoint saved to ../Train Data/Checkpoints/google bert\model_epoch_56.pth
2025-04-17 04:16:16,440 - INFO - Training loss for epoch 57: 0.07408798094648178
2025-04-17 04:16:16,440 - INFO - Training accuracy for epoch 57: 97.55747126436782
2025-04-17 04:16:16,441 - INFO - Training F1 score for epoch 57: 0.9683867692947388
2025-04-17 04:16:29,029 - INFO - Testing loss for epoch 57: 0.5647817942865041
2025-04-17 04:16:29,029 - INFO - Testing accuracy for epoch 57: 83.54591836734694
2025-04-17 04:16:29,029 - INFO - Testing F1 score for epoch 57: 0.7414829730987549

2025-04-17 04:16:29,029 - INFO - Current Learning rate: [1e-06]
2025-04-17 04:16:31,583 - INFO - Checkpoint saved to ../Train Data/Checkpoints/google bert\model_epoch_57.pth
2025-04-17 04:19:01,926 - INFO - Training loss for epoch 58: 0.07914734296279895
2025-04-17 04:19:01,926 - INFO - Training accuracy for epoch 58: 97.48563218390805
2025-04-17 04:19:01,926 - INFO - Training F1 score for epoch 58: 0.9675475358963013
2025-04-17 04:19:14,627 - INFO - Testing loss for epoch 58: 0.518101793789894
2025-04-17 04:19:14,627 - INFO - Testing accuracy for epoch 58: 83.6734693877551
2025-04-17 04:19:14,627 - INFO - Testing F1 score for epoch 58: 0.7440000176429749

2025-04-17 04:19:14,627 - INFO - Current Learning rate: [1e-06]
2025-04-17 04:19:17,269 - INFO - Checkpoint saved to ../Train Data/Checkpoints/google bert\model_epoch_58.pth
2025-04-17 04:21:48,449 - INFO - Training loss for epoch 59: 0.08200401358621533
2025-04-17 04:21:48,449 - INFO - Training accuracy for epoch 59: 97.73706896551724
2025-04-17 04:21:48,449 - INFO - Training F1 score for epoch 59: 0.9706840515136719
2025-04-17 04:22:01,097 - INFO - Testing loss for epoch 59: 0.5974005875652846
2025-04-17 04:22:01,097 - INFO - Testing accuracy for epoch 59: 83.80102040816327
2025-04-17 04:22:01,098 - INFO - Testing F1 score for epoch 59: 0.7475149035453796

2025-04-17 04:22:01,098 - INFO - Current Learning rate: [1e-06]
2025-04-17 04:22:03,644 - INFO - Checkpoint saved to ../Train Data/Checkpoints/google bert\model_epoch_59.pth
2025-04-17 04:24:32,207 - INFO - Training loss for epoch 60: 0.07828244352870455
2025-04-17 04:24:32,207 - INFO - Training accuracy for epoch 60: 97.98850574712644
2025-04-17 04:24:32,207 - INFO - Training F1 score for epoch 60: 0.9738439917564392
2025-04-17 04:24:45,202 - INFO - Testing loss for epoch 60: 0.5532345027491754
2025-04-17 04:24:45,202 - INFO - Testing accuracy for epoch 60: 83.54591836734694
2025-04-17 04:24:45,202 - INFO - Testing F1 score for epoch 60: 0.7435387969017029

2025-04-17 04:24:45,202 - INFO - Current Learning rate: [1e-06]
2025-04-17 04:24:47,865 - INFO - Checkpoint saved to ../Train Data/Checkpoints/google bert\model_epoch_60.pth
2025-04-17 04:27:16,826 - INFO - Training loss for epoch 61: 0.07253666882468093
2025-04-17 04:27:16,826 - INFO - Training accuracy for epoch 61: 97.57543103448276
2025-04-17 04:27:16,826 - INFO - Training F1 score for epoch 61: 0.9686702489852905
2025-04-17 04:27:29,611 - INFO - Testing loss for epoch 61: 0.49663905966646815
2025-04-17 04:27:29,612 - INFO - Testing accuracy for epoch 61: 83.41836734693878
2025-04-17 04:27:29,612 - INFO - Testing F1 score for epoch 61: 0.7410358786582947

2025-04-17 04:27:29,612 - INFO - Current Learning rate: [1e-06]
2025-04-17 04:27:32,276 - INFO - Checkpoint saved to ../Train Data/Checkpoints/google bert\model_epoch_61.pth
2025-04-17 04:30:02,688 - INFO - Training loss for epoch 62: 0.07771572268811515
2025-04-17 04:30:02,688 - INFO - Training accuracy for epoch 62: 97.61135057471265
2025-04-17 04:30:02,688 - INFO - Training F1 score for epoch 62: 0.9691915512084961
2025-04-17 04:30:15,239 - INFO - Testing loss for epoch 62: 0.5604442075959274
2025-04-17 04:30:15,239 - INFO - Testing accuracy for epoch 62: 84.0561224489796
2025-04-17 04:30:15,239 - INFO - Testing F1 score for epoch 62: 0.7504990100860596

2025-04-17 04:30:15,239 - INFO - Current Learning rate: [1e-06]
2025-04-17 04:30:17,828 - INFO - Checkpoint saved to ../Train Data/Checkpoints/google bert\model_epoch_62.pth
2025-04-17 04:32:48,310 - INFO - Training loss for epoch 63: 0.06944133026807049
2025-04-17 04:32:48,310 - INFO - Training accuracy for epoch 63: 98.02442528735632
2025-04-17 04:32:48,310 - INFO - Training F1 score for epoch 63: 0.9743589758872986
2025-04-17 04:33:00,596 - INFO - Testing loss for epoch 63: 0.5184294438103632
2025-04-17 04:33:00,596 - INFO - Testing accuracy for epoch 63: 83.92857142857143
2025-04-17 04:33:00,597 - INFO - Testing F1 score for epoch 63: 0.7529411911964417

2025-04-17 04:33:00,597 - INFO - Current Learning rate: [1e-06]
2025-04-17 04:33:03,224 - INFO - Checkpoint saved to ../Train Data/Checkpoints/google bert\model_epoch_63.pth
2025-04-17 04:35:33,302 - INFO - Training loss for epoch 64: 0.07562579174563502
2025-04-17 04:35:33,302 - INFO - Training accuracy for epoch 64: 97.37787356321839
2025-04-17 04:35:33,302 - INFO - Training F1 score for epoch 64: 0.9661723971366882
2025-04-17 04:35:46,394 - INFO - Testing loss for epoch 64: 0.5541988403099228
2025-04-17 04:35:46,394 - INFO - Testing accuracy for epoch 64: 83.41836734693878
2025-04-17 04:35:46,394 - INFO - Testing F1 score for epoch 64: 0.7410358786582947

2025-04-17 04:35:46,394 - INFO - Current Learning rate: [1e-06]
2025-04-17 04:35:49,057 - INFO - Checkpoint saved to ../Train Data/Checkpoints/google bert\model_epoch_64.pth
