2025-04-22 13:10:24,967 - INFO - Processing folder: google bert
2025-04-22 13:10:25,520 - INFO - Training and evaluating models for google bert
2025-04-22 13:10:25,520 - INFO - Training model: Logistic Regression
2025-04-22 13:10:27,683 - INFO - Training model: Ridge Classifier
2025-04-22 13:10:27,742 - INFO - Training model: SGD Classifier
2025-04-22 13:10:27,817 - INFO - Training model: Perceptron
2025-04-22 13:10:27,858 - INFO - Training model: Passive Aggressive
2025-04-22 13:10:27,905 - INFO - Training model: SVM (Linear)
2025-04-22 13:10:30,710 - INFO - Training model: SVM (RBF)
2025-04-22 13:10:34,405 - INFO - Training model: Nu-SVM
2025-04-22 13:10:59,422 - INFO - Training model: KNN
2025-04-22 13:10:59,628 - INFO - Training model: Decision Tree
2025-04-22 13:10:59,731 - INFO - Training model: GaussianNB
2025-04-22 13:10:59,767 - INFO - Training model: BernoulliNB
2025-04-22 13:10:59,807 - INFO - Training model: Linear Discriminant Analysis
2025-04-22 13:11:00,067 - INFO - Training model: Quadratic Discriminant Analysis
2025-04-22 13:11:00,775 - INFO - Training model: Random Forest
2025-04-22 13:11:00,979 - INFO - Training model: Extra Trees
2025-04-22 13:11:01,148 - INFO - Training model: AdaBoost
2025-04-22 13:11:02,980 - INFO - Training model: Gradient Boosting
2025-04-22 13:11:08,034 - INFO - Training model: HistGradientBoosting
2025-04-22 13:11:09,905 - INFO - Training model: XGBoost
2025-04-22 13:11:10,325 - INFO - Training model: LightGBM
2025-04-22 13:11:10,485 - INFO - Training model: CatBoost
2025-04-22 13:11:14,107 - INFO - Model rankings for google bert:
2025-04-22 13:11:14,107 - INFO -   Random Forest: F1 = 0.8031
2025-04-22 13:11:14,112 - INFO -   Decision Tree: F1 = 0.8030
2025-04-22 13:11:14,112 - INFO -   HistGradientBoosting: F1 = 0.8004
2025-04-22 13:11:14,112 - INFO -   Extra Trees: F1 = 0.8001
2025-04-22 13:11:14,112 - INFO -   XGBoost: F1 = 0.7958
2025-04-22 13:11:14,112 - INFO -   Linear Discriminant Analysis: F1 = 0.7952
2025-04-22 13:11:14,112 - INFO -   AdaBoost: F1 = 0.7946
2025-04-22 13:11:14,112 - INFO -   LightGBM: F1 = 0.7931
2025-04-22 13:11:14,112 - INFO -   KNN: F1 = 0.7915
2025-04-22 13:11:14,112 - INFO -   CatBoost: F1 = 0.7895
2025-04-22 13:11:14,112 - INFO -   SGD Classifier: F1 = 0.7894
2025-04-22 13:11:14,112 - INFO -   SVM (Linear): F1 = 0.7868
2025-04-22 13:11:14,112 - INFO -   Gradient Boosting: F1 = 0.7861
2025-04-22 13:11:14,112 - INFO -   Perceptron: F1 = 0.7858
2025-04-22 13:11:14,112 - INFO -   BernoulliNB: F1 = 0.7855
2025-04-22 13:11:14,112 - INFO -   Logistic Regression: F1 = 0.7823
2025-04-22 13:11:14,112 - INFO -   Passive Aggressive: F1 = 0.7812
2025-04-22 13:11:14,112 - INFO -   Ridge Classifier: F1 = 0.7809
2025-04-22 13:11:14,112 - INFO -   Nu-SVM: F1 = 0.7783
2025-04-22 13:11:14,112 - INFO -   SVM (RBF): F1 = 0.7777
2025-04-22 13:11:14,112 - INFO -   GaussianNB: F1 = 0.7704
2025-04-22 13:11:14,112 - INFO -   Quadratic Discriminant Analysis: F1 = 0.6400
2025-04-22 13:11:14,112 - INFO - Best model for google bert: Random Forest (F1 = 0.8031)
2025-04-22 13:11:14,302 - INFO - Predictions saved to google bert\test_predictions.csv
2025-04-22 13:11:14,303 - INFO - Processing folder: indic bert
2025-04-22 13:11:14,875 - INFO - Training and evaluating models for indic bert
2025-04-22 13:11:14,875 - INFO - Training model: Logistic Regression
2025-04-22 13:11:16,089 - INFO - Training model: Ridge Classifier
2025-04-22 13:11:16,143 - INFO - Training model: SGD Classifier
2025-04-22 13:11:16,282 - INFO - Training model: Perceptron
2025-04-22 13:11:16,337 - INFO - Training model: Passive Aggressive
2025-04-22 13:11:16,398 - INFO - Training model: SVM (Linear)
2025-04-22 13:11:22,703 - INFO - Training model: SVM (RBF)
2025-04-22 13:11:29,525 - INFO - Training model: Nu-SVM
2025-04-22 13:11:51,352 - INFO - Training model: KNN
2025-04-22 13:11:51,430 - INFO - Training model: Decision Tree
2025-04-22 13:11:51,838 - INFO - Training model: GaussianNB
2025-04-22 13:11:51,870 - INFO - Training model: BernoulliNB
2025-04-22 13:11:51,902 - INFO - Training model: Linear Discriminant Analysis
2025-04-22 13:11:52,239 - INFO - Training model: Quadratic Discriminant Analysis
2025-04-22 13:11:53,073 - INFO - Training model: Random Forest
2025-04-22 13:11:53,318 - INFO - Training model: Extra Trees
2025-04-22 13:11:53,501 - INFO - Training model: AdaBoost
2025-04-22 13:11:56,187 - INFO - Training model: Gradient Boosting
2025-04-22 13:12:06,742 - INFO - Training model: HistGradientBoosting
2025-04-22 13:12:08,825 - INFO - Training model: XGBoost
2025-04-22 13:12:09,263 - INFO - Training model: LightGBM
2025-04-22 13:12:09,666 - INFO - Training model: CatBoost
2025-04-22 13:12:16,643 - INFO - Model rankings for indic bert:
2025-04-22 13:12:16,643 - INFO -   Random Forest: F1 = 0.8171
2025-04-22 13:12:16,643 - INFO -   Extra Trees: F1 = 0.8134
2025-04-22 13:12:16,643 - INFO -   Decision Tree: F1 = 0.8048
2025-04-22 13:12:16,643 - INFO -   HistGradientBoosting: F1 = 0.8018
2025-04-22 13:12:16,643 - INFO -   LightGBM: F1 = 0.7954
2025-04-22 13:12:16,643 - INFO -   XGBoost: F1 = 0.7939
2025-04-22 13:12:16,643 - INFO -   CatBoost: F1 = 0.7827
2025-04-22 13:12:16,643 - INFO -   Gradient Boosting: F1 = 0.7607
2025-04-22 13:12:16,643 - INFO -   SVM (Linear): F1 = 0.7478
2025-04-22 13:12:16,643 - INFO -   GaussianNB: F1 = 0.7477
2025-04-22 13:12:16,643 - INFO -   BernoulliNB: F1 = 0.7471
2025-04-22 13:12:16,643 - INFO -   KNN: F1 = 0.7452
2025-04-22 13:12:16,643 - INFO -   AdaBoost: F1 = 0.7423
2025-04-22 13:12:16,643 - INFO -   Linear Discriminant Analysis: F1 = 0.7412
2025-04-22 13:12:16,643 - INFO -   Ridge Classifier: F1 = 0.7407
2025-04-22 13:12:16,643 - INFO -   Passive Aggressive: F1 = 0.7394
2025-04-22 13:12:16,643 - INFO -   SGD Classifier: F1 = 0.7371
2025-04-22 13:12:16,643 - INFO -   Logistic Regression: F1 = 0.7368
2025-04-22 13:12:16,643 - INFO -   SVM (RBF): F1 = 0.7354
2025-04-22 13:12:16,643 - INFO -   Nu-SVM: F1 = 0.7271
2025-04-22 13:12:16,643 - INFO -   Perceptron: F1 = 0.7006
2025-04-22 13:12:16,659 - INFO -   Quadratic Discriminant Analysis: F1 = 0.6661
2025-04-22 13:12:16,659 - INFO - Best model for indic bert: Random Forest (F1 = 0.8171)
2025-04-22 13:12:16,827 - INFO - Predictions saved to indic bert\test_predictions.csv
2025-04-22 13:12:16,827 - INFO - Processing folder: seanbenhur bert
2025-04-22 13:12:17,361 - INFO - Training and evaluating models for seanbenhur bert
2025-04-22 13:12:17,361 - INFO - Training model: Logistic Regression
2025-04-22 13:12:18,545 - INFO - Training model: Ridge Classifier
2025-04-22 13:12:18,587 - INFO - Training model: SGD Classifier
2025-04-22 13:12:18,664 - INFO - Training model: Perceptron
2025-04-22 13:12:18,702 - INFO - Training model: Passive Aggressive
2025-04-22 13:12:18,746 - INFO - Training model: SVM (Linear)
2025-04-22 13:12:20,257 - INFO - Training model: SVM (RBF)
2025-04-22 13:12:22,093 - INFO - Training model: Nu-SVM
2025-04-22 13:12:42,272 - INFO - Training model: KNN
2025-04-22 13:12:42,335 - INFO - Training model: Decision Tree
2025-04-22 13:12:42,436 - INFO - Training model: GaussianNB
2025-04-22 13:12:42,476 - INFO - Training model: BernoulliNB
2025-04-22 13:12:42,509 - INFO - Training model: Linear Discriminant Analysis
2025-04-22 13:12:42,782 - INFO - Training model: Quadratic Discriminant Analysis
2025-04-22 13:12:43,505 - INFO - Training model: Random Forest
2025-04-22 13:12:43,703 - INFO - Training model: Extra Trees
2025-04-22 13:12:43,859 - INFO - Training model: AdaBoost
2025-04-22 13:12:45,627 - INFO - Training model: Gradient Boosting
2025-04-22 13:12:50,875 - INFO - Training model: HistGradientBoosting
2025-04-22 13:12:52,554 - INFO - Training model: XGBoost
2025-04-22 13:12:52,805 - INFO - Training model: LightGBM
2025-04-22 13:12:53,005 - INFO - Training model: CatBoost
2025-04-22 13:12:57,411 - INFO - Model rankings for seanbenhur bert:
2025-04-22 13:12:57,411 - INFO -   XGBoost: F1 = 0.8140
2025-04-22 13:12:57,411 - INFO -   LightGBM: F1 = 0.8132
2025-04-22 13:12:57,411 - INFO -   HistGradientBoosting: F1 = 0.8115
2025-04-22 13:12:57,411 - INFO -   Random Forest: F1 = 0.8091
2025-04-22 13:12:57,411 - INFO -   Ridge Classifier: F1 = 0.8086
2025-04-22 13:12:57,411 - INFO -   Extra Trees: F1 = 0.8086
2025-04-22 13:12:57,411 - INFO -   CatBoost: F1 = 0.8081
2025-04-22 13:12:57,411 - INFO -   SVM (Linear): F1 = 0.8063
2025-04-22 13:12:57,411 - INFO -   Linear Discriminant Analysis: F1 = 0.8035
2025-04-22 13:12:57,411 - INFO -   BernoulliNB: F1 = 0.8004
2025-04-22 13:12:57,411 - INFO -   Logistic Regression: F1 = 0.8001
2025-04-22 13:12:57,411 - INFO -   Passive Aggressive: F1 = 0.7989
2025-04-22 13:12:57,411 - INFO -   Perceptron: F1 = 0.7986
2025-04-22 13:12:57,411 - INFO -   Gradient Boosting: F1 = 0.7986
2025-04-22 13:12:57,411 - INFO -   SVM (RBF): F1 = 0.7962
2025-04-22 13:12:57,411 - INFO -   Decision Tree: F1 = 0.7960
2025-04-22 13:12:57,411 - INFO -   SGD Classifier: F1 = 0.7953
2025-04-22 13:12:57,411 - INFO -   GaussianNB: F1 = 0.7921
2025-04-22 13:12:57,411 - INFO -   AdaBoost: F1 = 0.7906
2025-04-22 13:12:57,411 - INFO -   Nu-SVM: F1 = 0.7900
2025-04-22 13:12:57,411 - INFO -   KNN: F1 = 0.7892
2025-04-22 13:12:57,411 - INFO -   Quadratic Discriminant Analysis: F1 = 0.7732
2025-04-22 13:12:57,411 - INFO - Best model for seanbenhur bert: XGBoost (F1 = 0.8140)
2025-04-22 13:12:57,562 - INFO - Predictions saved to seanbenhur bert\test_predictions.csv
2025-04-22 13:12:57,562 - INFO - Processing folder: xlm roberta base
2025-04-22 13:12:58,146 - INFO - Training and evaluating models for xlm roberta base
2025-04-22 13:12:58,146 - INFO - Training model: Logistic Regression
2025-04-22 13:12:59,397 - INFO - Training model: Ridge Classifier
2025-04-22 13:12:59,451 - INFO - Training model: SGD Classifier
2025-04-22 13:12:59,535 - INFO - Training model: Perceptron
2025-04-22 13:12:59,605 - INFO - Training model: Passive Aggressive
2025-04-22 13:12:59,667 - INFO - Training model: SVM (Linear)
2025-04-22 13:13:03,787 - INFO - Training model: SVM (RBF)
2025-04-22 13:13:08,618 - INFO - Training model: Nu-SVM
2025-04-22 13:13:35,236 - INFO - Training model: KNN
2025-04-22 13:13:35,324 - INFO - Training model: Decision Tree
2025-04-22 13:13:35,430 - INFO - Training model: GaussianNB
2025-04-22 13:13:35,479 - INFO - Training model: BernoulliNB
2025-04-22 13:13:35,514 - INFO - Training model: Linear Discriminant Analysis
2025-04-22 13:13:35,819 - INFO - Training model: Quadratic Discriminant Analysis
2025-04-22 13:13:36,481 - INFO - Training model: Random Forest
2025-04-22 13:13:36,693 - INFO - Training model: Extra Trees
2025-04-22 13:13:36,869 - INFO - Training model: AdaBoost
2025-04-22 13:13:38,750 - INFO - Training model: Gradient Boosting
2025-04-22 13:13:43,634 - INFO - Training model: HistGradientBoosting
2025-04-22 13:13:45,641 - INFO - Training model: XGBoost
2025-04-22 13:13:45,942 - INFO - Training model: LightGBM
2025-04-22 13:13:46,093 - INFO - Training model: CatBoost
2025-04-22 13:13:50,021 - INFO - Model rankings for xlm roberta base:
2025-04-22 13:13:50,021 - INFO -   Random Forest: F1 = 0.8065
2025-04-22 13:13:50,021 - INFO -   Extra Trees: F1 = 0.8065
2025-04-22 13:13:50,021 - INFO -   Decision Tree: F1 = 0.8043
2025-04-22 13:13:50,021 - INFO -   HistGradientBoosting: F1 = 0.8033
2025-04-22 13:13:50,021 - INFO -   CatBoost: F1 = 0.8028
2025-04-22 13:13:50,027 - INFO -   XGBoost: F1 = 0.8019
2025-04-22 13:13:50,027 - INFO -   LightGBM: F1 = 0.7974
2025-04-22 13:13:50,027 - INFO -   Gradient Boosting: F1 = 0.7827
2025-04-22 13:13:50,027 - INFO -   Linear Discriminant Analysis: F1 = 0.7712
2025-04-22 13:13:50,027 - INFO -   KNN: F1 = 0.7662
2025-04-22 13:13:50,027 - INFO -   Passive Aggressive: F1 = 0.7657
2025-04-22 13:13:50,027 - INFO -   AdaBoost: F1 = 0.7633
2025-04-22 13:13:50,027 - INFO -   SGD Classifier: F1 = 0.7580
2025-04-22 13:13:50,027 - INFO -   SVM (Linear): F1 = 0.7568
2025-04-22 13:13:50,027 - INFO -   BernoulliNB: F1 = 0.7563
2025-04-22 13:13:50,027 - INFO -   Ridge Classifier: F1 = 0.7561
2025-04-22 13:13:50,027 - INFO -   SVM (RBF): F1 = 0.7556
2025-04-22 13:13:50,027 - INFO -   Logistic Regression: F1 = 0.7522
2025-04-22 13:13:50,027 - INFO -   Nu-SVM: F1 = 0.7378
2025-04-22 13:13:50,027 - INFO -   Perceptron: F1 = 0.7369
2025-04-22 13:13:50,027 - INFO -   Quadratic Discriminant Analysis: F1 = 0.7203
2025-04-22 13:13:50,027 - INFO -   GaussianNB: F1 = 0.7193
2025-04-22 13:13:50,028 - INFO - Best model for xlm roberta base: Random Forest (F1 = 0.8065)
2025-04-22 13:13:50,210 - INFO - Predictions saved to xlm roberta base\test_predictions.csv
2025-04-22 13:13:50,210 - INFO - Processing folder: xlm roberta large
2025-04-22 13:13:50,764 - INFO - Training and evaluating models for xlm roberta large
2025-04-22 13:13:50,764 - INFO - Training model: Logistic Regression
2025-04-22 13:13:52,028 - INFO - Training model: Ridge Classifier
2025-04-22 13:13:52,084 - INFO - Training model: SGD Classifier
2025-04-22 13:13:52,163 - INFO - Training model: Perceptron
2025-04-22 13:13:52,215 - INFO - Training model: Passive Aggressive
2025-04-22 13:13:52,257 - INFO - Training model: SVM (Linear)
2025-04-22 13:13:56,396 - INFO - Training model: SVM (RBF)
2025-04-22 13:14:01,710 - INFO - Training model: Nu-SVM
2025-04-22 13:14:27,521 - INFO - Training model: KNN
2025-04-22 13:14:27,598 - INFO - Training model: Decision Tree
2025-04-22 13:14:27,712 - INFO - Training model: GaussianNB
2025-04-22 13:14:27,752 - INFO - Training model: BernoulliNB
2025-04-22 13:14:27,785 - INFO - Training model: Linear Discriminant Analysis
2025-04-22 13:14:28,049 - INFO - Training model: Quadratic Discriminant Analysis
2025-04-22 13:14:28,719 - INFO - Training model: Random Forest
2025-04-22 13:14:28,937 - INFO - Training model: Extra Trees
2025-04-22 13:14:29,105 - INFO - Training model: AdaBoost
2025-04-22 13:14:30,945 - INFO - Training model: Gradient Boosting
2025-04-22 13:14:35,813 - INFO - Training model: HistGradientBoosting
2025-04-22 13:14:37,703 - INFO - Training model: XGBoost
2025-04-22 13:14:38,000 - INFO - Training model: LightGBM
2025-04-22 13:14:38,140 - INFO - Training model: CatBoost
2025-04-22 13:14:41,753 - INFO - Model rankings for xlm roberta large:
2025-04-22 13:14:41,753 - INFO -   Extra Trees: F1 = 0.8056
2025-04-22 13:14:41,754 - INFO -   XGBoost: F1 = 0.8048
2025-04-22 13:14:41,754 - INFO -   Random Forest: F1 = 0.8040
2025-04-22 13:14:41,754 - INFO -   HistGradientBoosting: F1 = 0.8013
2025-04-22 13:14:41,754 - INFO -   LightGBM: F1 = 0.7996
2025-04-22 13:14:41,754 - INFO -   Decision Tree: F1 = 0.7979
2025-04-22 13:14:41,754 - INFO -   CatBoost: F1 = 0.7943
2025-04-22 13:14:41,754 - INFO -   Gradient Boosting: F1 = 0.7772
2025-04-22 13:14:41,754 - INFO -   KNN: F1 = 0.7693
2025-04-22 13:14:41,754 - INFO -   Ridge Classifier: F1 = 0.7635
2025-04-22 13:14:41,754 - INFO -   Logistic Regression: F1 = 0.7632
2025-04-22 13:14:41,754 - INFO -   SVM (Linear): F1 = 0.7626
2025-04-22 13:14:41,754 - INFO -   SGD Classifier: F1 = 0.7617
2025-04-22 13:14:41,754 - INFO -   SVM (RBF): F1 = 0.7575
2025-04-22 13:14:41,754 - INFO -   Perceptron: F1 = 0.7573
2025-04-22 13:14:41,754 - INFO -   AdaBoost: F1 = 0.7563
2025-04-22 13:14:41,754 - INFO -   Linear Discriminant Analysis: F1 = 0.7480
2025-04-22 13:14:41,754 - INFO -   BernoulliNB: F1 = 0.7460
2025-04-22 13:14:41,754 - INFO -   Passive Aggressive: F1 = 0.7451
2025-04-22 13:14:41,754 - INFO -   Nu-SVM: F1 = 0.7434
2025-04-22 13:14:41,754 - INFO -   GaussianNB: F1 = 0.7392
2025-04-22 13:14:41,754 - INFO -   Quadratic Discriminant Analysis: F1 = 0.7268
2025-04-22 13:14:41,754 - INFO - Best model for xlm roberta large: Extra Trees (F1 = 0.8056)
2025-04-22 13:14:41,940 - INFO - Predictions saved to xlm roberta large\test_predictions.csv
2025-04-22 13:14:41,940 - INFO - Total execution time: 256.97 seconds
2025-04-22 15:40:01,760 - INFO - Processing folder: google bert
2025-04-22 15:40:02,364 - INFO - Training SVC for google bert
2025-04-22 15:40:11,755 - INFO - Predictions saved to google bert\predicted_test_2.csv
2025-04-22 15:40:11,755 - INFO - Processing folder: indic bert
2025-04-22 15:40:12,324 - INFO - Training RandomForestClassifier for indic bert
2025-04-22 15:40:12,886 - INFO - Predictions saved to indic bert\predicted_test_2.csv
2025-04-22 15:40:12,886 - INFO - Processing folder: seanbenhur bert
2025-04-22 15:40:13,612 - INFO - Training RandomForestClassifier for seanbenhur bert
2025-04-22 15:40:14,034 - INFO - Predictions saved to seanbenhur bert\predicted_test_2.csv
2025-04-22 15:40:14,034 - INFO - Processing folder: xlm roberta base
2025-04-22 15:40:14,645 - INFO - Training NuSVC for xlm roberta base
2025-04-22 15:40:53,943 - INFO - Predictions saved to xlm roberta base\predicted_test_2.csv
2025-04-22 15:40:53,943 - INFO - Processing folder: xlm roberta large
2025-04-22 15:40:54,503 - INFO - Training RandomForestClassifier for xlm roberta large
2025-04-22 15:40:54,929 - INFO - Predictions saved to xlm roberta large\predicted_test_2.csv
2025-04-22 15:40:55,238 - INFO - Final predictions saved to final_1.csv
2025-04-22 15:40:55,238 - INFO - Total execution time: 53.48 seconds
2025-04-22 15:55:38,621 - INFO - Processing folder: google bert
2025-04-22 15:55:39,197 - INFO - Training RandomForestClassifier for google bert
2025-04-22 15:55:39,609 - INFO - Predictions saved to google bert\predicted_test_2.csv
2025-04-22 15:55:39,609 - INFO - Processing folder: indic bert
2025-04-22 15:55:40,157 - INFO - Training RandomForestClassifier for indic bert
2025-04-22 15:55:40,647 - INFO - Predictions saved to indic bert\predicted_test_2.csv
2025-04-22 15:55:40,647 - INFO - Processing folder: seanbenhur bert
2025-04-22 15:55:41,225 - INFO - Training XGBClassifier for seanbenhur bert
2025-04-22 15:55:42,014 - INFO - Predictions saved to seanbenhur bert\predicted_test_2.csv
2025-04-22 15:55:42,014 - INFO - Processing folder: xlm roberta base
2025-04-22 15:55:42,633 - INFO - Training RandomForestClassifier for xlm roberta base
2025-04-22 15:55:43,049 - INFO - Predictions saved to xlm roberta base\predicted_test_2.csv
2025-04-22 15:55:43,049 - INFO - Processing folder: xlm roberta large
2025-04-22 15:55:43,670 - INFO - Training ExtraTreesClassifier for xlm roberta large
2025-04-22 15:55:44,030 - INFO - Predictions saved to xlm roberta large\predicted_test_2.csv
2025-04-22 15:55:44,301 - INFO - Final predictions saved to final_2.csv
2025-04-22 15:55:44,301 - INFO - Total execution time: 5.68 seconds
2025-04-22 15:56:22,079 - INFO - Processing folder: google bert
2025-04-22 15:56:22,650 - INFO - Training RandomForestClassifier for google bert
2025-04-22 15:56:23,087 - INFO - Predictions saved to google bert\predicted_test_2.csv
2025-04-22 15:56:23,087 - INFO - Processing folder: indic bert
2025-04-22 15:56:23,679 - INFO - Training RandomForestClassifier for indic bert
2025-04-22 15:56:24,180 - INFO - Predictions saved to indic bert\predicted_test_2.csv
2025-04-22 15:56:24,180 - INFO - Processing folder: seanbenhur bert
2025-04-22 15:56:24,770 - INFO - Training XGBClassifier for seanbenhur bert
2025-04-22 15:56:25,328 - INFO - Predictions saved to seanbenhur bert\predicted_test_2.csv
2025-04-22 15:56:25,328 - INFO - Processing folder: xlm roberta base
2025-04-22 15:56:25,943 - INFO - Training RandomForestClassifier for xlm roberta base
2025-04-22 15:56:26,351 - INFO - Predictions saved to xlm roberta base\predicted_test_2.csv
2025-04-22 15:56:26,351 - INFO - Processing folder: xlm roberta large
2025-04-22 15:56:26,966 - INFO - Training ExtraTreesClassifier for xlm roberta large
2025-04-22 15:56:27,333 - INFO - Predictions saved to xlm roberta large\predicted_test_2.csv
2025-04-22 15:56:27,601 - INFO - Final predictions saved to final_1.csv
2025-04-22 15:56:27,601 - INFO - Total execution time: 5.52 seconds
