2025-04-16 21:20:54,501 - INFO - Using device: cuda
2025-04-16 21:20:54,505 - INFO - Starting training for 64 epochs from scratch
2025-04-16 21:21:51,317 - INFO - Training loss for epoch 1: 0.6705461661391484
2025-04-16 21:21:51,318 - INFO - Training accuracy for epoch 1: 61.94404591104735
2025-04-16 21:21:51,318 - INFO - Training F1 score for epoch 1: 0.31059128046035767
2025-04-16 21:21:56,605 - INFO - Best model saved to ../Train Data/Checkpoints/indic bert\best_model.pth
2025-04-16 21:21:56,605 - INFO - Testing loss for epoch 1: 0.6170431205204555
2025-04-16 21:21:56,605 - INFO - Testing accuracy for epoch 1: 68.75
2025-04-16 21:21:56,605 - INFO - Testing F1 score for epoch 1: 0.4615384638309479

2025-04-16 21:21:56,605 - INFO - Current Learning rate: [0.001]
2025-04-16 21:21:59,339 - INFO - Checkpoint saved to ../Train Data/Checkpoints/indic bert\model_epoch_1.pth
2025-04-16 21:22:55,587 - INFO - Training loss for epoch 2: 0.5977285311074989
2025-04-16 21:22:55,587 - INFO - Training accuracy for epoch 2: 69.24318507890962
2025-04-16 21:22:55,587 - INFO - Training F1 score for epoch 2: 0.5104196667671204
2025-04-16 21:23:01,193 - INFO - Best model saved to ../Train Data/Checkpoints/indic bert\best_model.pth
2025-04-16 21:23:01,193 - INFO - Testing loss for epoch 2: 0.6074805530358334
2025-04-16 21:23:01,193 - INFO - Testing accuracy for epoch 2: 69.00510204081633
2025-04-16 21:23:01,193 - INFO - Testing F1 score for epoch 2: 0.49896907806396484

2025-04-16 21:23:01,194 - INFO - Current Learning rate: [0.001]
2025-04-16 21:23:03,867 - INFO - Checkpoint saved to ../Train Data/Checkpoints/indic bert\model_epoch_2.pth
2025-04-16 21:24:00,777 - INFO - Training loss for epoch 3: 0.5722379914058674
2025-04-16 21:24:00,777 - INFO - Training accuracy for epoch 3: 71.32352941176471
2025-04-16 21:24:00,777 - INFO - Training F1 score for epoch 3: 0.587141752243042
2025-04-16 21:24:03,287 - INFO - Testing loss for epoch 3: 0.6125396158622236
2025-04-16 21:24:03,287 - INFO - Testing accuracy for epoch 3: 67.60204081632654
2025-04-16 21:24:03,287 - INFO - Testing F1 score for epoch 3: 0.3981042802333832

2025-04-16 21:24:03,287 - INFO - Current Learning rate: [0.001]
2025-04-16 21:24:06,254 - INFO - Checkpoint saved to ../Train Data/Checkpoints/indic bert\model_epoch_3.pth
2025-04-16 21:25:02,677 - INFO - Training loss for epoch 4: 0.5531749692845721
2025-04-16 21:25:02,677 - INFO - Training accuracy for epoch 4: 72.48923959827833
2025-04-16 21:25:02,677 - INFO - Training F1 score for epoch 4: 0.5990590453147888
2025-04-16 21:25:05,117 - INFO - Testing loss for epoch 4: 0.6023765747644463
2025-04-16 21:25:05,117 - INFO - Testing accuracy for epoch 4: 67.60204081632654
2025-04-16 21:25:05,117 - INFO - Testing F1 score for epoch 4: 0.37438422441482544

2025-04-16 21:25:05,117 - INFO - Current Learning rate: [0.001]
2025-04-16 21:25:08,031 - INFO - Checkpoint saved to ../Train Data/Checkpoints/indic bert\model_epoch_4.pth
2025-04-16 21:26:05,454 - INFO - Training loss for epoch 5: 0.5307388062371072
2025-04-16 21:26:05,454 - INFO - Training accuracy for epoch 5: 74.37230989956959
2025-04-16 21:26:05,454 - INFO - Training F1 score for epoch 5: 0.6390502452850342
2025-04-16 21:26:11,065 - INFO - Best model saved to ../Train Data/Checkpoints/indic bert\best_model.pth
2025-04-16 21:26:11,065 - INFO - Testing loss for epoch 5: 0.5755288220789968
2025-04-16 21:26:11,065 - INFO - Testing accuracy for epoch 5: 70.91836734693878
2025-04-16 21:26:11,065 - INFO - Testing F1 score for epoch 5: 0.5665399432182312

2025-04-16 21:26:11,066 - INFO - Current Learning rate: [0.001]
2025-04-16 21:26:13,783 - INFO - Checkpoint saved to ../Train Data/Checkpoints/indic bert\model_epoch_5.pth
2025-04-16 21:27:11,153 - INFO - Training loss for epoch 6: 0.5036260870471062
2025-04-16 21:27:11,153 - INFO - Training accuracy for epoch 6: 75.5738880918221
2025-04-16 21:27:11,153 - INFO - Training F1 score for epoch 6: 0.6557128429412842
2025-04-16 21:27:16,812 - INFO - Best model saved to ../Train Data/Checkpoints/indic bert\best_model.pth
2025-04-16 21:27:16,812 - INFO - Testing loss for epoch 6: 0.5592911790828315
2025-04-16 21:27:16,812 - INFO - Testing accuracy for epoch 6: 72.44897959183673
2025-04-16 21:27:16,813 - INFO - Testing F1 score for epoch 6: 0.5846154093742371

2025-04-16 21:27:16,813 - INFO - Current Learning rate: [0.001]
2025-04-16 21:27:19,563 - INFO - Checkpoint saved to ../Train Data/Checkpoints/indic bert\model_epoch_6.pth
2025-04-16 21:28:16,234 - INFO - Training loss for epoch 7: 0.48102117596004407
2025-04-16 21:28:16,235 - INFO - Training accuracy for epoch 7: 77.33142037302726
2025-04-16 21:28:16,235 - INFO - Training F1 score for epoch 7: 0.695274829864502
2025-04-16 21:28:18,720 - INFO - Testing loss for epoch 7: 0.5626360149103768
2025-04-16 21:28:18,720 - INFO - Testing accuracy for epoch 7: 71.68367346938776
2025-04-16 21:28:18,720 - INFO - Testing F1 score for epoch 7: 0.569767415523529

2025-04-16 21:28:18,720 - INFO - Current Learning rate: [0.001]
2025-04-16 21:28:21,638 - INFO - Checkpoint saved to ../Train Data/Checkpoints/indic bert\model_epoch_7.pth
2025-04-16 21:29:18,898 - INFO - Training loss for epoch 8: 0.4659632946788153
2025-04-16 21:29:18,899 - INFO - Training accuracy for epoch 8: 78.74820659971306
2025-04-16 21:29:18,899 - INFO - Training F1 score for epoch 8: 0.7123088240623474
2025-04-16 21:29:24,585 - INFO - Best model saved to ../Train Data/Checkpoints/indic bert\best_model.pth
2025-04-16 21:29:24,585 - INFO - Testing loss for epoch 8: 0.54562702288433
2025-04-16 21:29:24,585 - INFO - Testing accuracy for epoch 8: 71.68367346938776
2025-04-16 21:29:24,585 - INFO - Testing F1 score for epoch 8: 0.602150559425354

2025-04-16 21:29:24,585 - INFO - Current Learning rate: [0.001]
2025-04-16 21:29:27,288 - INFO - Checkpoint saved to ../Train Data/Checkpoints/indic bert\model_epoch_8.pth
2025-04-16 21:30:23,872 - INFO - Training loss for epoch 9: 0.4353526697054484
2025-04-16 21:30:23,872 - INFO - Training accuracy for epoch 9: 80.61334289813486
2025-04-16 21:30:23,872 - INFO - Training F1 score for epoch 9: 0.7431694269180298
2025-04-16 21:30:29,612 - INFO - Best model saved to ../Train Data/Checkpoints/indic bert\best_model.pth
2025-04-16 21:30:29,612 - INFO - Testing loss for epoch 9: 0.524511240270673
2025-04-16 21:30:29,612 - INFO - Testing accuracy for epoch 9: 74.23469387755102
2025-04-16 21:30:29,612 - INFO - Testing F1 score for epoch 9: 0.6552901268005371

2025-04-16 21:30:29,613 - INFO - Current Learning rate: [0.001]
2025-04-16 21:30:32,243 - INFO - Checkpoint saved to ../Train Data/Checkpoints/indic bert\model_epoch_9.pth
2025-04-16 21:31:28,871 - INFO - Training loss for epoch 10: 0.41903888587031507
2025-04-16 21:31:28,871 - INFO - Training accuracy for epoch 10: 80.6312769010043
2025-04-16 21:31:28,871 - INFO - Training F1 score for epoch 10: 0.7428571581840515
2025-04-16 21:31:31,333 - INFO - Testing loss for epoch 10: 0.5180862901770339
2025-04-16 21:31:31,333 - INFO - Testing accuracy for epoch 10: 76.14795918367346
2025-04-16 21:31:31,333 - INFO - Testing F1 score for epoch 10: 0.6237424612045288

2025-04-16 21:31:31,333 - INFO - Current Learning rate: [0.001]
2025-04-16 21:31:34,247 - INFO - Checkpoint saved to ../Train Data/Checkpoints/indic bert\model_epoch_10.pth
2025-04-16 21:32:30,667 - INFO - Training loss for epoch 11: 0.395380198078997
2025-04-16 21:32:30,667 - INFO - Training accuracy for epoch 11: 82.76542324246772
2025-04-16 21:32:30,667 - INFO - Training F1 score for epoch 11: 0.7688236832618713
2025-04-16 21:32:36,273 - INFO - Best model saved to ../Train Data/Checkpoints/indic bert\best_model.pth
2025-04-16 21:32:36,274 - INFO - Testing loss for epoch 11: 0.48569925661597935
2025-04-16 21:32:36,274 - INFO - Testing accuracy for epoch 11: 76.40306122448979
2025-04-16 21:32:36,274 - INFO - Testing F1 score for epoch 11: 0.6702316999435425

2025-04-16 21:32:36,274 - INFO - Current Learning rate: [0.001]
2025-04-16 21:32:38,931 - INFO - Checkpoint saved to ../Train Data/Checkpoints/indic bert\model_epoch_11.pth
2025-04-16 21:33:35,498 - INFO - Training loss for epoch 12: 0.3766968618207204
2025-04-16 21:33:35,498 - INFO - Training accuracy for epoch 12: 83.76972740315638
2025-04-16 21:33:35,498 - INFO - Training F1 score for epoch 12: 0.7849845290184021
2025-04-16 21:33:41,020 - INFO - Best model saved to ../Train Data/Checkpoints/indic bert\best_model.pth
2025-04-16 21:33:41,020 - INFO - Testing loss for epoch 12: 0.47191415392622654
2025-04-16 21:33:41,020 - INFO - Testing accuracy for epoch 12: 78.4438775510204
2025-04-16 21:33:41,020 - INFO - Testing F1 score for epoch 12: 0.698752224445343

2025-04-16 21:33:41,020 - INFO - Current Learning rate: [0.001]
2025-04-16 21:33:43,625 - INFO - Checkpoint saved to ../Train Data/Checkpoints/indic bert\model_epoch_12.pth
2025-04-16 21:34:40,034 - INFO - Training loss for epoch 13: 0.35384779246029585
2025-04-16 21:34:40,035 - INFO - Training accuracy for epoch 13: 85.27618364418939
2025-04-16 21:34:40,035 - INFO - Training F1 score for epoch 13: 0.8053118586540222
2025-04-16 21:34:42,504 - INFO - Testing loss for epoch 13: 0.5069105283794354
2025-04-16 21:34:42,504 - INFO - Testing accuracy for epoch 13: 77.8061224489796
2025-04-16 21:34:42,504 - INFO - Testing F1 score for epoch 13: 0.6533864736557007

2025-04-16 21:34:42,504 - INFO - Current Learning rate: [0.001]
2025-04-16 21:34:45,340 - INFO - Checkpoint saved to ../Train Data/Checkpoints/indic bert\model_epoch_13.pth
2025-04-16 21:35:41,592 - INFO - Training loss for epoch 14: 0.3508395832272479
2025-04-16 21:35:41,592 - INFO - Training accuracy for epoch 14: 84.88163558106169
2025-04-16 21:35:41,592 - INFO - Training F1 score for epoch 14: 0.7977932095527649
2025-04-16 21:35:47,117 - INFO - Best model saved to ../Train Data/Checkpoints/indic bert\best_model.pth
2025-04-16 21:35:47,117 - INFO - Testing loss for epoch 14: 0.4701858471546854
2025-04-16 21:35:47,117 - INFO - Testing accuracy for epoch 14: 77.16836734693878
2025-04-16 21:35:47,117 - INFO - Testing F1 score for epoch 14: 0.7145135402679443

2025-04-16 21:35:47,117 - INFO - Current Learning rate: [0.001]
2025-04-16 21:35:49,768 - INFO - Checkpoint saved to ../Train Data/Checkpoints/indic bert\model_epoch_14.pth
2025-04-16 21:36:46,158 - INFO - Training loss for epoch 15: 0.33461575290265694
2025-04-16 21:36:46,158 - INFO - Training accuracy for epoch 15: 86.19081779053084
2025-04-16 21:36:46,158 - INFO - Training F1 score for epoch 15: 0.8197565674781799
2025-04-16 21:36:51,687 - INFO - Best model saved to ../Train Data/Checkpoints/indic bert\best_model.pth
2025-04-16 21:36:51,687 - INFO - Testing loss for epoch 15: 0.45122547964660487
2025-04-16 21:36:51,687 - INFO - Testing accuracy for epoch 15: 78.95408163265306
2025-04-16 21:36:51,687 - INFO - Testing F1 score for epoch 15: 0.7263681888580322

2025-04-16 21:36:51,687 - INFO - Current Learning rate: [0.001]
2025-04-16 21:36:54,367 - INFO - Checkpoint saved to ../Train Data/Checkpoints/indic bert\model_epoch_15.pth
2025-04-16 21:37:50,677 - INFO - Training loss for epoch 16: 0.3351778342806797
2025-04-16 21:37:50,677 - INFO - Training accuracy for epoch 16: 86.3880918220947
2025-04-16 21:37:50,677 - INFO - Training F1 score for epoch 16: 0.8211171627044678
2025-04-16 21:37:53,339 - INFO - Testing loss for epoch 16: 0.44575982175919476
2025-04-16 21:37:53,339 - INFO - Testing accuracy for epoch 16: 80.2295918367347
2025-04-16 21:37:53,339 - INFO - Testing F1 score for epoch 16: 0.7124304175376892

2025-04-16 21:37:53,339 - INFO - Current Learning rate: [0.001]
2025-04-16 21:37:56,198 - INFO - Checkpoint saved to ../Train Data/Checkpoints/indic bert\model_epoch_16.pth
2025-04-16 21:38:52,249 - INFO - Training loss for epoch 17: 0.32190496984928035
2025-04-16 21:38:52,249 - INFO - Training accuracy for epoch 17: 86.87230989956959
2025-04-16 21:38:52,249 - INFO - Training F1 score for epoch 17: 0.8278456926345825
2025-04-16 21:38:57,831 - INFO - Best model saved to ../Train Data/Checkpoints/indic bert\best_model.pth
2025-04-16 21:38:57,832 - INFO - Testing loss for epoch 17: 0.4345554571066584
2025-04-16 21:38:57,832 - INFO - Testing accuracy for epoch 17: 80.86734693877551
2025-04-16 21:38:57,832 - INFO - Testing F1 score for epoch 17: 0.7448979616165161

2025-04-16 21:38:57,832 - INFO - Current Learning rate: [0.001]
2025-04-16 21:39:00,560 - INFO - Checkpoint saved to ../Train Data/Checkpoints/indic bert\model_epoch_17.pth
2025-04-16 21:39:56,628 - INFO - Training loss for epoch 18: 0.29949708395187274
2025-04-16 21:39:56,628 - INFO - Training accuracy for epoch 18: 87.48206599713056
2025-04-16 21:39:56,628 - INFO - Training F1 score for epoch 18: 0.836457371711731
2025-04-16 21:39:59,283 - INFO - Testing loss for epoch 18: 0.4257775029661704
2025-04-16 21:39:59,284 - INFO - Testing accuracy for epoch 18: 81.25
2025-04-16 21:39:59,284 - INFO - Testing F1 score for epoch 18: 0.7282809615135193

2025-04-16 21:39:59,284 - INFO - Current Learning rate: [0.001]
2025-04-16 21:40:02,084 - INFO - Checkpoint saved to ../Train Data/Checkpoints/indic bert\model_epoch_18.pth
2025-04-16 21:40:58,082 - INFO - Training loss for epoch 19: 0.3059878661277219
2025-04-16 21:40:58,082 - INFO - Training accuracy for epoch 19: 87.82281205164993
2025-04-16 21:40:58,082 - INFO - Training F1 score for epoch 19: 0.8412438631057739
2025-04-16 21:41:03,488 - INFO - Best model saved to ../Train Data/Checkpoints/indic bert\best_model.pth
2025-04-16 21:41:03,488 - INFO - Testing loss for epoch 19: 0.42836514160949357
2025-04-16 21:41:03,488 - INFO - Testing accuracy for epoch 19: 81.50510204081633
2025-04-16 21:41:03,488 - INFO - Testing F1 score for epoch 19: 0.747826099395752

2025-04-16 21:41:03,488 - INFO - Current Learning rate: [0.001]
2025-04-16 21:41:06,037 - INFO - Checkpoint saved to ../Train Data/Checkpoints/indic bert\model_epoch_19.pth
2025-04-16 21:42:02,056 - INFO - Training loss for epoch 20: 0.29768061512811284
2025-04-16 21:42:02,056 - INFO - Training accuracy for epoch 20: 87.71520803443329
2025-04-16 21:42:02,056 - INFO - Training F1 score for epoch 20: 0.8393150568008423
2025-04-16 21:42:07,527 - INFO - Best model saved to ../Train Data/Checkpoints/indic bert\best_model.pth
2025-04-16 21:42:07,527 - INFO - Testing loss for epoch 20: 0.414816820651901
2025-04-16 21:42:07,527 - INFO - Testing accuracy for epoch 20: 82.2704081632653
2025-04-16 21:42:07,528 - INFO - Testing F1 score for epoch 20: 0.7582608461380005

2025-04-16 21:42:07,528 - INFO - Current Learning rate: [0.001]
2025-04-16 21:42:10,173 - INFO - Checkpoint saved to ../Train Data/Checkpoints/indic bert\model_epoch_20.pth
2025-04-16 21:43:05,833 - INFO - Training loss for epoch 21: 0.2960103905761088
2025-04-16 21:43:05,833 - INFO - Training accuracy for epoch 21: 88.14562410329985
2025-04-16 21:43:05,833 - INFO - Training F1 score for epoch 21: 0.8430301547050476
2025-04-16 21:43:08,243 - INFO - Testing loss for epoch 21: 0.43490151924138165
2025-04-16 21:43:08,243 - INFO - Testing accuracy for epoch 21: 81.12244897959184
2025-04-16 21:43:08,243 - INFO - Testing F1 score for epoch 21: 0.7228464484214783

2025-04-16 21:43:08,243 - INFO - Current Learning rate: [0.001]
2025-04-16 21:43:11,045 - INFO - Checkpoint saved to ../Train Data/Checkpoints/indic bert\model_epoch_21.pth
2025-04-16 21:44:06,769 - INFO - Training loss for epoch 22: 0.28680613775934005
2025-04-16 21:44:06,769 - INFO - Training accuracy for epoch 22: 88.3428981348637
2025-04-16 21:44:06,769 - INFO - Training F1 score for epoch 22: 0.8472744226455688
2025-04-16 21:44:09,209 - INFO - Testing loss for epoch 22: 0.45887342087772426
2025-04-16 21:44:09,210 - INFO - Testing accuracy for epoch 22: 81.50510204081633
2025-04-16 21:44:09,210 - INFO - Testing F1 score for epoch 22: 0.7299813628196716

2025-04-16 21:44:09,210 - INFO - Current Learning rate: [0.001]
2025-04-16 21:44:11,923 - INFO - Checkpoint saved to ../Train Data/Checkpoints/indic bert\model_epoch_22.pth
2025-04-16 21:45:07,817 - INFO - Training loss for epoch 23: 0.28490675119963743
2025-04-16 21:45:07,817 - INFO - Training accuracy for epoch 23: 88.80918220946916
2025-04-16 21:45:07,817 - INFO - Training F1 score for epoch 23: 0.8545454740524292
2025-04-16 21:45:13,236 - INFO - Best model saved to ../Train Data/Checkpoints/indic bert\best_model.pth
2025-04-16 21:45:13,237 - INFO - Testing loss for epoch 23: 0.4510469803092431
2025-04-16 21:45:13,237 - INFO - Testing accuracy for epoch 23: 80.73979591836735
2025-04-16 21:45:13,237 - INFO - Testing F1 score for epoch 23: 0.7606973052024841

2025-04-16 21:45:13,237 - INFO - Current Learning rate: [0.0005]
2025-04-16 21:45:16,057 - INFO - Checkpoint saved to ../Train Data/Checkpoints/indic bert\model_epoch_23.pth
2025-04-16 21:46:11,813 - INFO - Training loss for epoch 24: 0.2535646245594389
2025-04-16 21:46:11,813 - INFO - Training accuracy for epoch 24: 90.31563845050215
2025-04-16 21:46:11,814 - INFO - Training F1 score for epoch 24: 0.8727615475654602
2025-04-16 21:46:14,242 - INFO - Testing loss for epoch 24: 0.41328777631326596
2025-04-16 21:46:14,242 - INFO - Testing accuracy for epoch 24: 82.39795918367346
2025-04-16 21:46:14,242 - INFO - Testing F1 score for epoch 24: 0.7517985701560974

2025-04-16 21:46:14,242 - INFO - Current Learning rate: [0.0005]
2025-04-16 21:46:17,064 - INFO - Checkpoint saved to ../Train Data/Checkpoints/indic bert\model_epoch_24.pth
2025-04-16 21:47:12,992 - INFO - Training loss for epoch 25: 0.23340953850164647
2025-04-16 21:47:12,992 - INFO - Training accuracy for epoch 25: 91.37374461979914
2025-04-16 21:47:12,992 - INFO - Training F1 score for epoch 25: 0.8867968916893005
2025-04-16 21:47:18,555 - INFO - Best model saved to ../Train Data/Checkpoints/indic bert\best_model.pth
2025-04-16 21:47:18,555 - INFO - Testing loss for epoch 25: 0.42885109170206953
2025-04-16 21:47:18,555 - INFO - Testing accuracy for epoch 25: 82.39795918367346
2025-04-16 21:47:18,556 - INFO - Testing F1 score for epoch 25: 0.7653061151504517

2025-04-16 21:47:18,556 - INFO - Current Learning rate: [0.0005]
2025-04-16 21:47:21,114 - INFO - Checkpoint saved to ../Train Data/Checkpoints/indic bert\model_epoch_25.pth
2025-04-16 21:48:17,052 - INFO - Training loss for epoch 26: 0.23638272903848925
2025-04-16 21:48:17,052 - INFO - Training accuracy for epoch 26: 91.37374461979914
2025-04-16 21:48:17,052 - INFO - Training F1 score for epoch 26: 0.8880614638328552
2025-04-16 21:48:19,463 - INFO - Testing loss for epoch 26: 0.40698383619286577
2025-04-16 21:48:19,464 - INFO - Testing accuracy for epoch 26: 82.01530612244898
2025-04-16 21:48:19,464 - INFO - Testing F1 score for epoch 26: 0.7441016435623169

2025-04-16 21:48:19,464 - INFO - Current Learning rate: [0.0005]
2025-04-16 21:48:22,266 - INFO - Checkpoint saved to ../Train Data/Checkpoints/indic bert\model_epoch_26.pth
2025-04-16 21:49:17,931 - INFO - Training loss for epoch 27: 0.20571484391068454
2025-04-16 21:49:17,931 - INFO - Training accuracy for epoch 27: 92.53945480631278
2025-04-16 21:49:17,931 - INFO - Training F1 score for epoch 27: 0.9035250544548035
2025-04-16 21:49:23,247 - INFO - Best model saved to ../Train Data/Checkpoints/indic bert\best_model.pth
2025-04-16 21:49:23,247 - INFO - Testing loss for epoch 27: 0.4099908037757387
2025-04-16 21:49:23,247 - INFO - Testing accuracy for epoch 27: 82.78061224489795
2025-04-16 21:49:23,248 - INFO - Testing F1 score for epoch 27: 0.7746243476867676

2025-04-16 21:49:23,248 - INFO - Current Learning rate: [0.0005]
2025-04-16 21:49:25,827 - INFO - Checkpoint saved to ../Train Data/Checkpoints/indic bert\model_epoch_27.pth
2025-04-16 21:50:20,701 - INFO - Training loss for epoch 28: 0.21053326404900685
2025-04-16 21:50:20,701 - INFO - Training accuracy for epoch 28: 92.27044476327116
2025-04-16 21:50:20,701 - INFO - Training F1 score for epoch 28: 0.899697482585907
2025-04-16 21:50:23,106 - INFO - Testing loss for epoch 28: 0.422622981804366
2025-04-16 21:50:23,106 - INFO - Testing accuracy for epoch 28: 82.39795918367346
2025-04-16 21:50:23,107 - INFO - Testing F1 score for epoch 28: 0.76450514793396

2025-04-16 21:50:23,107 - INFO - Current Learning rate: [0.0005]
2025-04-16 21:50:25,929 - INFO - Checkpoint saved to ../Train Data/Checkpoints/indic bert\model_epoch_28.pth
2025-04-16 21:51:21,502 - INFO - Training loss for epoch 29: 0.19921043599385185
2025-04-16 21:51:21,503 - INFO - Training accuracy for epoch 29: 92.8622668579627
2025-04-16 21:51:21,503 - INFO - Training F1 score for epoch 29: 0.9075708389282227
2025-04-16 21:51:23,844 - INFO - Testing loss for epoch 29: 0.4095366518108212
2025-04-16 21:51:23,844 - INFO - Testing accuracy for epoch 29: 83.41836734693878
2025-04-16 21:51:23,844 - INFO - Testing F1 score for epoch 29: 0.7719298005104065

2025-04-16 21:51:23,844 - INFO - Current Learning rate: [0.00025]
2025-04-16 21:51:26,522 - INFO - Checkpoint saved to ../Train Data/Checkpoints/indic bert\model_epoch_29.pth
2025-04-16 21:52:21,126 - INFO - Training loss for epoch 30: 0.1695659145929315
2025-04-16 21:52:21,126 - INFO - Training accuracy for epoch 30: 93.77690100430416
2025-04-16 21:52:21,126 - INFO - Training F1 score for epoch 30: 0.9189441800117493
2025-04-16 21:52:23,514 - INFO - Testing loss for epoch 30: 0.4278953558176148
2025-04-16 21:52:23,514 - INFO - Testing accuracy for epoch 30: 82.78061224489795
2025-04-16 21:52:23,514 - INFO - Testing F1 score for epoch 30: 0.7584972977638245

2025-04-16 21:52:23,514 - INFO - Current Learning rate: [0.00025]
2025-04-16 21:52:26,212 - INFO - Checkpoint saved to ../Train Data/Checkpoints/indic bert\model_epoch_30.pth
2025-04-16 21:53:21,061 - INFO - Training loss for epoch 31: 0.17275684736027694
2025-04-16 21:53:21,061 - INFO - Training accuracy for epoch 31: 93.83070301291248
2025-04-16 21:53:21,061 - INFO - Training F1 score for epoch 31: 0.9196637272834778
2025-04-16 21:53:23,404 - INFO - Testing loss for epoch 31: 0.4178905068155454
2025-04-16 21:53:23,404 - INFO - Testing accuracy for epoch 31: 82.90816326530613
2025-04-16 21:53:23,404 - INFO - Testing F1 score for epoch 31: 0.7721088528633118

2025-04-16 21:53:23,404 - INFO - Current Learning rate: [0.00025]
2025-04-16 21:53:26,123 - INFO - Checkpoint saved to ../Train Data/Checkpoints/indic bert\model_epoch_31.pth
2025-04-16 21:54:20,662 - INFO - Training loss for epoch 32: 0.1684101929358999
2025-04-16 21:54:20,662 - INFO - Training accuracy for epoch 32: 94.40459110473458
2025-04-16 21:54:20,662 - INFO - Training F1 score for epoch 32: 0.9267949461936951
2025-04-16 21:54:23,033 - INFO - Testing loss for epoch 32: 0.4194950454545264
2025-04-16 21:54:23,033 - INFO - Testing accuracy for epoch 32: 82.90816326530613
2025-04-16 21:54:23,033 - INFO - Testing F1 score for epoch 32: 0.7527675032615662

2025-04-16 21:54:23,033 - INFO - Current Learning rate: [0.000125]
2025-04-16 21:54:25,730 - INFO - Checkpoint saved to ../Train Data/Checkpoints/indic bert\model_epoch_32.pth
2025-04-16 21:55:20,234 - INFO - Training loss for epoch 33: 0.14690072663660178
2025-04-16 21:55:20,234 - INFO - Training accuracy for epoch 33: 94.74533715925395
2025-04-16 21:55:20,234 - INFO - Training F1 score for epoch 33: 0.9318763017654419
2025-04-16 21:55:22,771 - INFO - Testing loss for epoch 33: 0.41423022511358165
2025-04-16 21:55:22,771 - INFO - Testing accuracy for epoch 33: 82.14285714285714
2025-04-16 21:55:22,771 - INFO - Testing F1 score for epoch 33: 0.7535211443901062

2025-04-16 21:55:22,771 - INFO - Current Learning rate: [0.000125]
2025-04-16 21:55:25,470 - INFO - Checkpoint saved to ../Train Data/Checkpoints/indic bert\model_epoch_33.pth
2025-04-16 21:56:19,972 - INFO - Training loss for epoch 34: 0.13569288397036824
2025-04-16 21:56:19,973 - INFO - Training accuracy for epoch 34: 95.37302725968436
2025-04-16 21:56:19,973 - INFO - Training F1 score for epoch 34: 0.9396349787712097
2025-04-16 21:56:22,296 - INFO - Testing loss for epoch 34: 0.4206518077348568
2025-04-16 21:56:22,296 - INFO - Testing accuracy for epoch 34: 81.50510204081633
2025-04-16 21:56:22,296 - INFO - Testing F1 score for epoch 34: 0.7339449524879456

2025-04-16 21:56:22,296 - INFO - Current Learning rate: [0.000125]
2025-04-16 21:56:24,990 - INFO - Checkpoint saved to ../Train Data/Checkpoints/indic bert\model_epoch_34.pth
2025-04-16 21:57:19,950 - INFO - Training loss for epoch 35: 0.15209649685353382
2025-04-16 21:57:19,950 - INFO - Training accuracy for epoch 35: 94.92467718794835
2025-04-16 21:57:19,950 - INFO - Training F1 score for epoch 35: 0.9343540072441101
2025-04-16 21:57:22,491 - INFO - Testing loss for epoch 35: 0.3984922030750586
2025-04-16 21:57:22,491 - INFO - Testing accuracy for epoch 35: 82.2704081632653
2025-04-16 21:57:22,491 - INFO - Testing F1 score for epoch 35: 0.7486437559127808

2025-04-16 21:57:22,491 - INFO - Current Learning rate: [0.000125]
2025-04-16 21:57:25,209 - INFO - Checkpoint saved to ../Train Data/Checkpoints/indic bert\model_epoch_35.pth
2025-04-16 21:58:20,002 - INFO - Training loss for epoch 36: 0.14372001653283278
2025-04-16 21:58:20,002 - INFO - Training accuracy for epoch 36: 95.08608321377332
2025-04-16 21:58:20,002 - INFO - Training F1 score for epoch 36: 0.9363383054733276
2025-04-16 21:58:22,410 - INFO - Testing loss for epoch 36: 0.3952696249649233
2025-04-16 21:58:22,410 - INFO - Testing accuracy for epoch 36: 81.88775510204081
2025-04-16 21:58:22,410 - INFO - Testing F1 score for epoch 36: 0.7464285492897034

2025-04-16 21:58:22,410 - INFO - Current Learning rate: [0.000125]
2025-04-16 21:58:25,120 - INFO - Checkpoint saved to ../Train Data/Checkpoints/indic bert\model_epoch_36.pth
2025-04-16 21:59:20,072 - INFO - Training loss for epoch 37: 0.14249834614449114
2025-04-16 21:59:20,072 - INFO - Training accuracy for epoch 37: 95.35509325681492
2025-04-16 21:59:20,072 - INFO - Training F1 score for epoch 37: 0.9400046467781067
2025-04-16 21:59:22,632 - INFO - Testing loss for epoch 37: 0.3974279902343239
2025-04-16 21:59:22,632 - INFO - Testing accuracy for epoch 37: 82.52551020408163
2025-04-16 21:59:22,632 - INFO - Testing F1 score for epoch 37: 0.7575221061706543

2025-04-16 21:59:22,632 - INFO - Current Learning rate: [0.000125]
2025-04-16 21:59:25,339 - INFO - Checkpoint saved to ../Train Data/Checkpoints/indic bert\model_epoch_37.pth
2025-04-16 22:00:20,204 - INFO - Training loss for epoch 38: 0.13797512445051005
2025-04-16 22:00:20,204 - INFO - Training accuracy for epoch 38: 95.37302725968436
2025-04-16 22:00:20,204 - INFO - Training F1 score for epoch 38: 0.9397196173667908
2025-04-16 22:00:22,552 - INFO - Testing loss for epoch 38: 0.4202921550568877
2025-04-16 22:00:22,552 - INFO - Testing accuracy for epoch 38: 82.52551020408163
2025-04-16 22:00:22,552 - INFO - Testing F1 score for epoch 38: 0.7557932138442993

2025-04-16 22:00:22,552 - INFO - Current Learning rate: [0.000125]
2025-04-16 22:00:25,264 - INFO - Checkpoint saved to ../Train Data/Checkpoints/indic bert\model_epoch_38.pth
2025-04-16 22:01:19,931 - INFO - Training loss for epoch 39: 0.13701973440008
2025-04-16 22:01:19,931 - INFO - Training accuracy for epoch 39: 95.80344332855093
2025-04-16 22:01:19,931 - INFO - Training F1 score for epoch 39: 0.9457076787948608
2025-04-16 22:01:22,289 - INFO - Testing loss for epoch 39: 0.3982895557597584
2025-04-16 22:01:22,289 - INFO - Testing accuracy for epoch 39: 82.52551020408163
2025-04-16 22:01:22,289 - INFO - Testing F1 score for epoch 39: 0.7531531453132629

2025-04-16 22:01:22,289 - INFO - Current Learning rate: [6.25e-05]
2025-04-16 22:01:25,001 - INFO - Checkpoint saved to ../Train Data/Checkpoints/indic bert\model_epoch_39.pth
2025-04-16 22:02:20,184 - INFO - Training loss for epoch 40: 0.12524048890718065
2025-04-16 22:02:20,184 - INFO - Training accuracy for epoch 40: 95.67790530846484
2025-04-16 22:02:20,184 - INFO - Training F1 score for epoch 40: 0.9436257481575012
2025-04-16 22:02:22,570 - INFO - Testing loss for epoch 40: 0.3953676377328075
2025-04-16 22:02:22,570 - INFO - Testing accuracy for epoch 40: 82.14285714285714
2025-04-16 22:02:22,571 - INFO - Testing F1 score for epoch 40: 0.7627118825912476

2025-04-16 22:02:22,571 - INFO - Current Learning rate: [6.25e-05]
2025-04-16 22:02:25,270 - INFO - Checkpoint saved to ../Train Data/Checkpoints/indic bert\model_epoch_40.pth
2025-04-16 22:03:20,315 - INFO - Training loss for epoch 41: 0.13649501450429302
2025-04-16 22:03:20,315 - INFO - Training accuracy for epoch 41: 95.3909612625538
2025-04-16 22:03:20,315 - INFO - Training F1 score for epoch 41: 0.940495491027832
2025-04-16 22:03:22,742 - INFO - Testing loss for epoch 41: 0.3945524878039652
2025-04-16 22:03:22,742 - INFO - Testing accuracy for epoch 41: 82.65306122448979
2025-04-16 22:03:22,742 - INFO - Testing F1 score for epoch 41: 0.7414448857307434

2025-04-16 22:03:22,742 - INFO - Current Learning rate: [6.25e-05]
2025-04-16 22:03:25,469 - INFO - Checkpoint saved to ../Train Data/Checkpoints/indic bert\model_epoch_41.pth
2025-04-16 22:04:20,948 - INFO - Training loss for epoch 42: 0.13030316824777588
2025-04-16 22:04:20,948 - INFO - Training accuracy for epoch 42: 95.73170731707317
2025-04-16 22:04:20,948 - INFO - Training F1 score for epoch 42: 0.9444184899330139
2025-04-16 22:04:23,306 - INFO - Testing loss for epoch 42: 0.3964708138409318
2025-04-16 22:04:23,306 - INFO - Testing accuracy for epoch 42: 83.16326530612245
2025-04-16 22:04:23,307 - INFO - Testing F1 score for epoch 42: 0.7573529481887817

2025-04-16 22:04:23,307 - INFO - Current Learning rate: [6.25e-05]
2025-04-16 22:04:25,954 - INFO - Checkpoint saved to ../Train Data/Checkpoints/indic bert\model_epoch_42.pth
2025-04-16 22:05:20,658 - INFO - Training loss for epoch 43: 0.1145524466380215
2025-04-16 22:05:20,658 - INFO - Training accuracy for epoch 43: 96.28766140602582
2025-04-16 22:05:20,658 - INFO - Training F1 score for epoch 43: 0.9517369866371155
2025-04-16 22:05:23,027 - INFO - Testing loss for epoch 43: 0.4140735062561473
2025-04-16 22:05:23,027 - INFO - Testing accuracy for epoch 43: 83.41836734693878
2025-04-16 22:05:23,027 - INFO - Testing F1 score for epoch 43: 0.7610294222831726

2025-04-16 22:05:23,027 - INFO - Current Learning rate: [6.25e-05]
2025-04-16 22:05:25,673 - INFO - Checkpoint saved to ../Train Data/Checkpoints/indic bert\model_epoch_43.pth
2025-04-16 22:06:20,357 - INFO - Training loss for epoch 44: 0.11018789562141493
2025-04-16 22:06:20,357 - INFO - Training accuracy for epoch 44: 96.46700143472023
2025-04-16 22:06:20,357 - INFO - Training F1 score for epoch 44: 0.9541113376617432
2025-04-16 22:06:22,655 - INFO - Testing loss for epoch 44: 0.40751731998230123
2025-04-16 22:06:22,655 - INFO - Testing accuracy for epoch 44: 83.16326530612245
2025-04-16 22:06:22,655 - INFO - Testing F1 score for epoch 44: 0.7659574747085571

2025-04-16 22:06:22,655 - INFO - Current Learning rate: [3.125e-05]
2025-04-16 22:06:25,339 - INFO - Checkpoint saved to ../Train Data/Checkpoints/indic bert\model_epoch_44.pth
2025-04-16 22:07:19,918 - INFO - Training loss for epoch 45: 0.12516194756090684
2025-04-16 22:07:19,918 - INFO - Training accuracy for epoch 45: 96.05451936872309
2025-04-16 22:07:19,918 - INFO - Training F1 score for epoch 45: 0.9488610029220581
2025-04-16 22:07:22,233 - INFO - Testing loss for epoch 45: 0.402496922343057
2025-04-16 22:07:22,233 - INFO - Testing accuracy for epoch 45: 83.54591836734694
2025-04-16 22:07:22,233 - INFO - Testing F1 score for epoch 45: 0.7597765326499939

2025-04-16 22:07:22,233 - INFO - Current Learning rate: [3.125e-05]
2025-04-16 22:07:24,987 - INFO - Checkpoint saved to ../Train Data/Checkpoints/indic bert\model_epoch_45.pth
2025-04-16 22:08:19,595 - INFO - Training loss for epoch 46: 0.10904270475843876
2025-04-16 22:08:19,595 - INFO - Training accuracy for epoch 46: 96.44906743185079
2025-04-16 22:08:19,595 - INFO - Training F1 score for epoch 46: 0.9541878700256348
2025-04-16 22:08:21,974 - INFO - Testing loss for epoch 46: 0.40772408513086184
2025-04-16 22:08:21,974 - INFO - Testing accuracy for epoch 46: 82.78061224489795
2025-04-16 22:08:21,974 - INFO - Testing F1 score for epoch 46: 0.7495361566543579

2025-04-16 22:08:21,974 - INFO - Current Learning rate: [3.125e-05]
2025-04-16 22:08:24,707 - INFO - Checkpoint saved to ../Train Data/Checkpoints/indic bert\model_epoch_46.pth
2025-04-16 22:09:19,465 - INFO - Training loss for epoch 47: 0.1138421239370114
2025-04-16 22:09:19,465 - INFO - Training accuracy for epoch 47: 96.10832137733142
2025-04-16 22:09:19,465 - INFO - Training F1 score for epoch 47: 0.9493108987808228
2025-04-16 22:09:21,853 - INFO - Testing loss for epoch 47: 0.40931851637302613
2025-04-16 22:09:21,853 - INFO - Testing accuracy for epoch 47: 83.03571428571429
2025-04-16 22:09:21,853 - INFO - Testing F1 score for epoch 47: 0.7559633255004883

2025-04-16 22:09:21,853 - INFO - Current Learning rate: [1.5625e-05]
2025-04-16 22:09:24,589 - INFO - Checkpoint saved to ../Train Data/Checkpoints/indic bert\model_epoch_47.pth
2025-04-16 22:10:19,217 - INFO - Training loss for epoch 48: 0.12286283350262359
2025-04-16 22:10:19,217 - INFO - Training accuracy for epoch 48: 96.18005738880919
2025-04-16 22:10:19,217 - INFO - Training F1 score for epoch 48: 0.9504535794258118
2025-04-16 22:10:21,762 - INFO - Testing loss for epoch 48: 0.39635189843116975
2025-04-16 22:10:21,762 - INFO - Testing accuracy for epoch 48: 82.78061224489795
2025-04-16 22:10:21,762 - INFO - Testing F1 score for epoch 48: 0.752293586730957

2025-04-16 22:10:21,763 - INFO - Current Learning rate: [1.5625e-05]
2025-04-16 22:10:24,463 - INFO - Checkpoint saved to ../Train Data/Checkpoints/indic bert\model_epoch_48.pth
2025-04-16 22:11:19,319 - INFO - Training loss for epoch 49: 0.1189318368735174
2025-04-16 22:11:19,319 - INFO - Training accuracy for epoch 49: 96.05451936872309
2025-04-16 22:11:19,319 - INFO - Training F1 score for epoch 49: 0.949026882648468
2025-04-16 22:11:21,645 - INFO - Testing loss for epoch 49: 0.4009738100350511
2025-04-16 22:11:21,645 - INFO - Testing accuracy for epoch 49: 82.78061224489795
2025-04-16 22:11:21,645 - INFO - Testing F1 score for epoch 49: 0.752293586730957

2025-04-16 22:11:21,645 - INFO - Current Learning rate: [1.5625e-05]
2025-04-16 22:11:24,364 - INFO - Checkpoint saved to ../Train Data/Checkpoints/indic bert\model_epoch_49.pth
2025-04-16 22:12:19,226 - INFO - Training loss for epoch 50: 0.09307392963329851
2025-04-16 22:12:19,227 - INFO - Training accuracy for epoch 50: 96.96915351506456
2025-04-16 22:12:19,227 - INFO - Training F1 score for epoch 50: 0.9604122638702393
2025-04-16 22:12:21,771 - INFO - Testing loss for epoch 50: 0.39847103711597776
2025-04-16 22:12:21,771 - INFO - Testing accuracy for epoch 50: 82.78061224489795
2025-04-16 22:12:21,771 - INFO - Testing F1 score for epoch 50: 0.7707979679107666

2025-04-16 22:12:21,771 - INFO - Current Learning rate: [7.8125e-06]
2025-04-16 22:12:24,452 - INFO - Checkpoint saved to ../Train Data/Checkpoints/indic bert\model_epoch_50.pth
2025-04-16 22:13:18,948 - INFO - Training loss for epoch 51: 0.09928158826797324
2025-04-16 22:13:18,948 - INFO - Training accuracy for epoch 51: 96.61047345767575
2025-04-16 22:13:18,948 - INFO - Training F1 score for epoch 51: 0.9560771584510803
2025-04-16 22:13:21,341 - INFO - Testing loss for epoch 51: 0.41364314258858864
2025-04-16 22:13:21,341 - INFO - Testing accuracy for epoch 51: 82.78061224489795
2025-04-16 22:13:21,341 - INFO - Testing F1 score for epoch 51: 0.7495361566543579

2025-04-16 22:13:21,341 - INFO - Current Learning rate: [7.8125e-06]
2025-04-16 22:13:24,040 - INFO - Checkpoint saved to ../Train Data/Checkpoints/indic bert\model_epoch_51.pth
2025-04-16 22:14:18,816 - INFO - Training loss for epoch 52: 0.11086878152878173
2025-04-16 22:14:18,816 - INFO - Training accuracy for epoch 52: 96.4131994261119
2025-04-16 22:14:18,816 - INFO - Training F1 score for epoch 52: 0.9537465572357178
2025-04-16 22:14:21,322 - INFO - Testing loss for epoch 52: 0.41433890791115713
2025-04-16 22:14:21,322 - INFO - Testing accuracy for epoch 52: 82.52551020408163
2025-04-16 22:14:21,323 - INFO - Testing F1 score for epoch 52: 0.7370441555976868

2025-04-16 22:14:21,323 - INFO - Current Learning rate: [7.8125e-06]
2025-04-16 22:14:23,991 - INFO - Checkpoint saved to ../Train Data/Checkpoints/indic bert\model_epoch_52.pth
2025-04-16 22:15:19,096 - INFO - Training loss for epoch 53: 0.12032720506481207
2025-04-16 22:15:19,096 - INFO - Training accuracy for epoch 53: 95.76757532281205
2025-04-16 22:15:19,096 - INFO - Training F1 score for epoch 53: 0.9452435970306396
2025-04-16 22:15:21,764 - INFO - Testing loss for epoch 53: 0.40663482779066784
2025-04-16 22:15:21,765 - INFO - Testing accuracy for epoch 53: 82.78061224489795
2025-04-16 22:15:21,765 - INFO - Testing F1 score for epoch 53: 0.7457627058029175

2025-04-16 22:15:21,765 - INFO - Current Learning rate: [3.90625e-06]
2025-04-16 22:15:24,471 - INFO - Checkpoint saved to ../Train Data/Checkpoints/indic bert\model_epoch_53.pth
2025-04-16 22:16:20,387 - INFO - Training loss for epoch 54: 0.12219473767666203
2025-04-16 22:16:20,387 - INFO - Training accuracy for epoch 54: 95.98278335724534
2025-04-16 22:16:20,388 - INFO - Training F1 score for epoch 54: 0.9475900530815125
2025-04-16 22:16:22,993 - INFO - Testing loss for epoch 54: 0.40612183146330777
2025-04-16 22:16:22,993 - INFO - Testing accuracy for epoch 54: 82.65306122448979
2025-04-16 22:16:22,993 - INFO - Testing F1 score for epoch 54: 0.7354085445404053

2025-04-16 22:16:22,993 - INFO - Current Learning rate: [3.90625e-06]
2025-04-16 22:16:25,748 - INFO - Checkpoint saved to ../Train Data/Checkpoints/indic bert\model_epoch_54.pth
2025-04-16 22:17:21,874 - INFO - Training loss for epoch 55: 0.10889351429982937
2025-04-16 22:17:21,874 - INFO - Training accuracy for epoch 55: 96.52080344332855
2025-04-16 22:17:21,874 - INFO - Training F1 score for epoch 55: 0.9549674987792969
2025-04-16 22:17:24,355 - INFO - Testing loss for epoch 55: 0.3899965444389655
2025-04-16 22:17:24,355 - INFO - Testing accuracy for epoch 55: 82.65306122448979
2025-04-16 22:17:24,355 - INFO - Testing F1 score for epoch 55: 0.7490774989128113

2025-04-16 22:17:24,355 - INFO - Current Learning rate: [3.90625e-06]
2025-04-16 22:17:27,131 - INFO - Checkpoint saved to ../Train Data/Checkpoints/indic bert\model_epoch_55.pth
2025-04-16 22:18:22,704 - INFO - Training loss for epoch 56: 0.09853875940636207
2025-04-16 22:18:22,704 - INFO - Training accuracy for epoch 56: 96.86154949784792
2025-04-16 22:18:22,704 - INFO - Training F1 score for epoch 56: 0.9591598510742188
2025-04-16 22:18:25,256 - INFO - Testing loss for epoch 56: 0.39796772861511126
2025-04-16 22:18:25,257 - INFO - Testing accuracy for epoch 56: 82.78061224489795
2025-04-16 22:18:25,257 - INFO - Testing F1 score for epoch 56: 0.7504621148109436

2025-04-16 22:18:25,257 - INFO - Current Learning rate: [3.90625e-06]
2025-04-16 22:18:27,998 - INFO - Checkpoint saved to ../Train Data/Checkpoints/indic bert\model_epoch_56.pth
2025-04-16 22:19:23,871 - INFO - Training loss for epoch 57: 0.1168432050826191
2025-04-16 22:19:23,871 - INFO - Training accuracy for epoch 57: 96.16212338593974
2025-04-16 22:19:23,871 - INFO - Training F1 score for epoch 57: 0.9501861929893494
2025-04-16 22:19:26,355 - INFO - Testing loss for epoch 57: 0.40168154596978306
2025-04-16 22:19:26,355 - INFO - Testing accuracy for epoch 57: 83.41836734693878
2025-04-16 22:19:26,355 - INFO - Testing F1 score for epoch 57: 0.7686832547187805

2025-04-16 22:19:26,355 - INFO - Current Learning rate: [3.90625e-06]
2025-04-16 22:19:29,033 - INFO - Checkpoint saved to ../Train Data/Checkpoints/indic bert\model_epoch_57.pth
2025-04-16 22:20:25,124 - INFO - Training loss for epoch 58: 0.1003140021754239
2025-04-16 22:20:25,124 - INFO - Training accuracy for epoch 58: 96.59253945480631
2025-04-16 22:20:25,124 - INFO - Training F1 score for epoch 58: 0.9558139443397522
2025-04-16 22:20:27,762 - INFO - Testing loss for epoch 58: 0.42367409648639814
2025-04-16 22:20:27,762 - INFO - Testing accuracy for epoch 58: 82.52551020408163
2025-04-16 22:20:27,762 - INFO - Testing F1 score for epoch 58: 0.7360308170318604

2025-04-16 22:20:27,762 - INFO - Current Learning rate: [1.953125e-06]
2025-04-16 22:20:30,489 - INFO - Checkpoint saved to ../Train Data/Checkpoints/indic bert\model_epoch_58.pth
2025-04-16 22:21:26,459 - INFO - Training loss for epoch 59: 0.11669786743768938
2025-04-16 22:21:26,460 - INFO - Training accuracy for epoch 59: 96.10832137733142
2025-04-16 22:21:26,460 - INFO - Training F1 score for epoch 59: 0.9491446018218994
2025-04-16 22:21:28,854 - INFO - Testing loss for epoch 59: 0.41987368536694925
2025-04-16 22:21:28,855 - INFO - Testing accuracy for epoch 59: 83.16326530612245
2025-04-16 22:21:28,855 - INFO - Testing F1 score for epoch 59: 0.7573529481887817

2025-04-16 22:21:28,855 - INFO - Current Learning rate: [1.953125e-06]
2025-04-16 22:21:31,579 - INFO - Checkpoint saved to ../Train Data/Checkpoints/indic bert\model_epoch_59.pth
2025-04-16 22:22:27,233 - INFO - Training loss for epoch 60: 0.09894876759145221
2025-04-16 22:22:27,233 - INFO - Training accuracy for epoch 60: 96.77187948350071
2025-04-16 22:22:27,233 - INFO - Training F1 score for epoch 60: 0.9577861428260803
2025-04-16 22:22:29,820 - INFO - Testing loss for epoch 60: 0.3994071954975323
2025-04-16 22:22:29,820 - INFO - Testing accuracy for epoch 60: 82.65306122448979
2025-04-16 22:22:29,820 - INFO - Testing F1 score for epoch 60: 0.761403501033783

2025-04-16 22:22:29,820 - INFO - Current Learning rate: [1.953125e-06]
2025-04-16 22:22:32,579 - INFO - Checkpoint saved to ../Train Data/Checkpoints/indic bert\model_epoch_60.pth
2025-04-16 22:23:28,552 - INFO - Training loss for epoch 61: 0.11105796439610582
2025-04-16 22:23:28,552 - INFO - Training accuracy for epoch 61: 96.30559540889527
2025-04-16 22:23:28,552 - INFO - Training F1 score for epoch 61: 0.9523369073867798
2025-04-16 22:23:30,933 - INFO - Testing loss for epoch 61: 0.3941662639987712
2025-04-16 22:23:30,933 - INFO - Testing accuracy for epoch 61: 82.90816326530613
2025-04-16 22:23:30,933 - INFO - Testing F1 score for epoch 61: 0.7509293556213379

2025-04-16 22:23:30,933 - INFO - Current Learning rate: [1e-06]
2025-04-16 22:23:33,659 - INFO - Checkpoint saved to ../Train Data/Checkpoints/indic bert\model_epoch_61.pth
2025-04-16 22:24:29,376 - INFO - Training loss for epoch 62: 0.10173541712815175
2025-04-16 22:24:29,377 - INFO - Training accuracy for epoch 62: 96.64634146341463
2025-04-16 22:24:29,377 - INFO - Training F1 score for epoch 62: 0.9566226005554199
2025-04-16 22:24:32,015 - INFO - Testing loss for epoch 62: 0.38812912913153363
2025-04-16 22:24:32,015 - INFO - Testing accuracy for epoch 62: 83.41836734693878
2025-04-16 22:24:32,015 - INFO - Testing F1 score for epoch 62: 0.7644927501678467

2025-04-16 22:24:32,016 - INFO - Current Learning rate: [1e-06]
2025-04-16 22:24:34,725 - INFO - Checkpoint saved to ../Train Data/Checkpoints/indic bert\model_epoch_62.pth
2025-04-16 22:25:30,461 - INFO - Training loss for epoch 63: 0.112463565786146
2025-04-16 22:25:30,461 - INFO - Training accuracy for epoch 63: 96.25179340028694
2025-04-16 22:25:30,461 - INFO - Training F1 score for epoch 63: 0.9516986608505249
2025-04-16 22:25:32,905 - INFO - Testing loss for epoch 63: 0.3991670988272039
2025-04-16 22:25:32,905 - INFO - Testing accuracy for epoch 63: 83.03571428571429
2025-04-16 22:25:32,906 - INFO - Testing F1 score for epoch 63: 0.7603603601455688

2025-04-16 22:25:32,906 - INFO - Current Learning rate: [1e-06]
2025-04-16 22:25:35,647 - INFO - Checkpoint saved to ../Train Data/Checkpoints/indic bert\model_epoch_63.pth
2025-04-16 22:26:31,535 - INFO - Training loss for epoch 64: 0.10568751215332133
2025-04-16 22:26:31,535 - INFO - Training accuracy for epoch 64: 96.25179340028694
2025-04-16 22:26:31,535 - INFO - Training F1 score for epoch 64: 0.9514292478561401
2025-04-16 22:26:33,989 - INFO - Testing loss for epoch 64: 0.39475475266879917
2025-04-16 22:26:33,989 - INFO - Testing accuracy for epoch 64: 82.65306122448979
2025-04-16 22:26:33,990 - INFO - Testing F1 score for epoch 64: 0.7424242496490479

2025-04-16 22:26:33,990 - INFO - Current Learning rate: [1e-06]
2025-04-16 22:26:36,737 - INFO - Checkpoint saved to ../Train Data/Checkpoints/indic bert\model_epoch_64.pth
