2025-04-22 11:33:50,132 - INFO - Processing folder: google bert
2025-04-22 11:33:50,134 - ERROR - File not found: google bert\train_1024_features.csv
2025-04-22 11:37:37,248 - INFO - Processing folder: google bert
2025-04-22 11:37:37,254 - ERROR - File not found: google bert\train_1024_features.csv
2025-04-22 11:37:37,254 - ERROR - Skipping google bert due to missing training data
2025-04-22 11:37:37,254 - INFO - Processing folder: indic bert
2025-04-22 11:37:37,254 - ERROR - File not found: indic bert\train_1024_features.csv
2025-04-22 11:37:37,254 - ERROR - Skipping indic bert due to missing training data
2025-04-22 11:37:37,256 - INFO - Processing folder: seanbenhur bert
2025-04-22 11:37:37,256 - ERROR - File not found: seanbenhur bert\train_1024_features.csv
2025-04-22 11:37:37,256 - ERROR - Skipping seanbenhur bert due to missing training data
2025-04-22 11:37:37,256 - INFO - Processing folder: xlm roberta base
2025-04-22 11:37:37,256 - ERROR - File not found: xlm roberta base\train_1024_features.csv
2025-04-22 11:37:37,256 - ERROR - Skipping xlm roberta base due to missing training data
2025-04-22 11:37:37,256 - INFO - Processing folder: xlm roberta large
2025-04-22 11:37:37,256 - ERROR - File not found: xlm roberta large\train_1024_features.csv
2025-04-22 11:37:37,256 - ERROR - Skipping xlm roberta large due to missing training data
2025-04-22 11:37:37,256 - INFO - Total execution time: 0.01 seconds
2025-04-22 11:39:15,931 - INFO - Processing folder: google bert
2025-04-22 11:39:17,041 - INFO - Training and evaluating models for google bert
2025-04-22 11:39:17,041 - INFO - Training model: Logistic Regression
2025-04-22 11:39:18,984 - INFO - Training model: Ridge Classifier
2025-04-22 11:39:19,132 - INFO - Training model: SGD Classifier
2025-04-22 11:39:19,207 - INFO - Training model: Perceptron
2025-04-22 11:39:19,282 - INFO - Training model: Passive Aggressive
2025-04-22 11:39:19,413 - INFO - Training model: SVM (Linear)
2025-04-22 11:39:20,538 - INFO - Training model: SVM (RBF)
2025-04-22 11:39:22,000 - INFO - Training model: Nu-SVM
2025-04-22 11:40:08,251 - INFO - Training model: KNN
2025-04-22 11:40:08,484 - INFO - Training model: Decision Tree
2025-04-22 11:40:08,641 - INFO - Training model: GaussianNB
2025-04-22 11:40:08,742 - INFO - Training model: BernoulliNB
2025-04-22 11:40:08,824 - INFO - Training model: Linear Discriminant Analysis
2025-04-22 11:40:09,792 - INFO - Training model: Quadratic Discriminant Analysis
2025-04-22 11:40:12,202 - INFO - Training model: Random Forest
2025-04-22 11:40:12,452 - INFO - Training model: Extra Trees
2025-04-22 11:40:12,641 - INFO - Training model: AdaBoost
2025-04-22 11:40:16,377 - INFO - Training model: Gradient Boosting
2025-04-22 11:40:26,772 - INFO - Training model: HistGradientBoosting
2025-04-22 11:40:29,961 - INFO - Training model: XGBoost
2025-04-22 11:40:30,677 - INFO - Training model: LightGBM
2025-04-22 11:40:31,007 - INFO - Training model: CatBoost
2025-04-22 11:40:36,405 - INFO - Model rankings for google bert:
2025-04-22 11:40:36,405 - INFO -   SVM (RBF): F1 = 0.8177
2025-04-22 11:40:36,405 - INFO -   AdaBoost: F1 = 0.8164
2025-04-22 11:40:36,405 - INFO -   Gradient Boosting: F1 = 0.8163
2025-04-22 11:40:36,405 - INFO -   SVM (Linear): F1 = 0.8152
2025-04-22 11:40:36,405 - INFO -   Logistic Regression: F1 = 0.8143
2025-04-22 11:40:36,405 - INFO -   Passive Aggressive: F1 = 0.8124
2025-04-22 11:40:36,405 - INFO -   SGD Classifier: F1 = 0.8118
2025-04-22 11:40:36,405 - INFO -   Random Forest: F1 = 0.8093
2025-04-22 11:40:36,405 - INFO -   CatBoost: F1 = 0.8092
2025-04-22 11:40:36,405 - INFO -   Linear Discriminant Analysis: F1 = 0.8090
2025-04-22 11:40:36,405 - INFO -   GaussianNB: F1 = 0.8084
2025-04-22 11:40:36,405 - INFO -   XGBoost: F1 = 0.8079
2025-04-22 11:40:36,405 - INFO -   Decision Tree: F1 = 0.8070
2025-04-22 11:40:36,405 - INFO -   LightGBM: F1 = 0.8070
2025-04-22 11:40:36,405 - INFO -   Nu-SVM: F1 = 0.8062
2025-04-22 11:40:36,405 - INFO -   KNN: F1 = 0.8059
2025-04-22 11:40:36,405 - INFO -   Perceptron: F1 = 0.8058
2025-04-22 11:40:36,405 - INFO -   Extra Trees: F1 = 0.8056
2025-04-22 11:40:36,405 - INFO -   BernoulliNB: F1 = 0.8031
2025-04-22 11:40:36,405 - INFO -   HistGradientBoosting: F1 = 0.7994
2025-04-22 11:40:36,405 - INFO -   Quadratic Discriminant Analysis: F1 = 0.7876
2025-04-22 11:40:36,405 - INFO -   Ridge Classifier: F1 = 0.7808
2025-04-22 11:40:36,405 - INFO - Best model for google bert: SVM (RBF) (F1 = 0.8177)
2025-04-22 11:40:36,769 - INFO - Predictions saved to google bert\test_predictions.csv
2025-04-22 11:40:36,769 - INFO - Processing folder: indic bert
2025-04-22 11:40:37,863 - INFO - Training and evaluating models for indic bert
2025-04-22 11:40:37,863 - INFO - Training model: Logistic Regression
2025-04-22 11:40:39,224 - INFO - Training model: Ridge Classifier
2025-04-22 11:40:39,363 - INFO - Training model: SGD Classifier
2025-04-22 11:40:39,484 - INFO - Training model: Perceptron
2025-04-22 11:40:39,558 - INFO - Training model: Passive Aggressive
2025-04-22 11:40:39,676 - INFO - Training model: SVM (Linear)
2025-04-22 11:40:41,747 - INFO - Training model: SVM (RBF)
2025-04-22 11:40:44,146 - INFO - Training model: Nu-SVM
2025-04-22 11:41:31,065 - INFO - Training model: KNN
2025-04-22 11:41:31,169 - INFO - Training model: Decision Tree
2025-04-22 11:41:31,369 - INFO - Training model: GaussianNB
2025-04-22 11:41:31,454 - INFO - Training model: BernoulliNB
2025-04-22 11:41:31,522 - INFO - Training model: Linear Discriminant Analysis
2025-04-22 11:41:32,439 - INFO - Training model: Quadratic Discriminant Analysis
2025-04-22 11:41:34,732 - INFO - Training model: Random Forest
2025-04-22 11:41:34,987 - INFO - Training model: Extra Trees
2025-04-22 11:41:35,183 - INFO - Training model: AdaBoost
2025-04-22 11:41:38,892 - INFO - Training model: Gradient Boosting
2025-04-22 11:41:48,585 - INFO - Training model: HistGradientBoosting
2025-04-22 11:41:52,291 - INFO - Training model: XGBoost
2025-04-22 11:41:52,811 - INFO - Training model: LightGBM
2025-04-22 11:41:53,075 - INFO - Training model: CatBoost
2025-04-22 11:41:58,209 - INFO - Model rankings for indic bert:
2025-04-22 11:41:58,209 - INFO -   Random Forest: F1 = 0.8294
2025-04-22 11:41:58,209 - INFO -   Extra Trees: F1 = 0.8277
2025-04-22 11:41:58,210 - INFO -   HistGradientBoosting: F1 = 0.8259
2025-04-22 11:41:58,210 - INFO -   Gradient Boosting: F1 = 0.8237
2025-04-22 11:41:58,210 - INFO -   XGBoost: F1 = 0.8222
2025-04-22 11:41:58,210 - INFO -   CatBoost: F1 = 0.8218
2025-04-22 11:41:58,210 - INFO -   LightGBM: F1 = 0.8212
2025-04-22 11:41:58,210 - INFO -   KNN: F1 = 0.8203
2025-04-22 11:41:58,210 - INFO -   Decision Tree: F1 = 0.8203
2025-04-22 11:41:58,210 - INFO -   AdaBoost: F1 = 0.8171
2025-04-22 11:41:58,210 - INFO -   SGD Classifier: F1 = 0.8171
2025-04-22 11:41:58,210 - INFO -   BernoulliNB: F1 = 0.8166
2025-04-22 11:41:58,210 - INFO -   Nu-SVM: F1 = 0.8161
2025-04-22 11:41:58,210 - INFO -   GaussianNB: F1 = 0.8161
2025-04-22 11:41:58,210 - INFO -   Linear Discriminant Analysis: F1 = 0.8156
2025-04-22 11:41:58,210 - INFO -   Perceptron: F1 = 0.8129
2025-04-22 11:41:58,210 - INFO -   Logistic Regression: F1 = 0.8124
2025-04-22 11:41:58,210 - INFO -   Ridge Classifier: F1 = 0.8124
2025-04-22 11:41:58,210 - INFO -   SVM (RBF): F1 = 0.8124
2025-04-22 11:41:58,210 - INFO -   SVM (Linear): F1 = 0.8116
2025-04-22 11:41:58,210 - INFO -   Passive Aggressive: F1 = 0.8096
2025-04-22 11:41:58,210 - INFO -   Quadratic Discriminant Analysis: F1 = 0.7865
2025-04-22 11:41:58,210 - INFO - Best model for indic bert: Random Forest (F1 = 0.8294)
2025-04-22 11:41:58,605 - INFO - Predictions saved to indic bert\test_predictions.csv
2025-04-22 11:41:58,606 - INFO - Processing folder: seanbenhur bert
2025-04-22 11:41:59,656 - INFO - Training and evaluating models for seanbenhur bert
2025-04-22 11:41:59,656 - INFO - Training model: Logistic Regression
2025-04-22 11:42:00,905 - INFO - Training model: Ridge Classifier
2025-04-22 11:42:01,031 - INFO - Training model: SGD Classifier
2025-04-22 11:42:01,113 - INFO - Training model: Perceptron
2025-04-22 11:42:01,198 - INFO - Training model: Passive Aggressive
2025-04-22 11:42:01,316 - INFO - Training model: SVM (Linear)
2025-04-22 11:42:02,358 - INFO - Training model: SVM (RBF)
2025-04-22 11:42:03,786 - INFO - Training model: Nu-SVM
2025-04-22 11:42:49,631 - INFO - Training model: KNN
2025-04-22 11:42:49,737 - INFO - Training model: Decision Tree
2025-04-22 11:42:49,869 - INFO - Training model: GaussianNB
2025-04-22 11:42:49,949 - INFO - Training model: BernoulliNB
2025-04-22 11:42:50,021 - INFO - Training model: Linear Discriminant Analysis
2025-04-22 11:42:50,940 - INFO - Training model: Quadratic Discriminant Analysis
2025-04-22 11:42:53,343 - INFO - Training model: Random Forest
2025-04-22 11:42:53,597 - INFO - Training model: Extra Trees
2025-04-22 11:42:53,796 - INFO - Training model: AdaBoost
2025-04-22 11:42:57,607 - INFO - Training model: Gradient Boosting
2025-04-22 11:43:07,584 - INFO - Training model: HistGradientBoosting
2025-04-22 11:43:09,648 - INFO - Training model: XGBoost
2025-04-22 11:43:10,137 - INFO - Training model: LightGBM
2025-04-22 11:43:10,389 - INFO - Training model: CatBoost
2025-04-22 11:43:14,887 - INFO - Model rankings for seanbenhur bert:
2025-04-22 11:43:14,887 - INFO -   Random Forest: F1 = 0.8221
2025-04-22 11:43:14,887 - INFO -   Decision Tree: F1 = 0.8220
2025-04-22 11:43:14,887 - INFO -   Gradient Boosting: F1 = 0.8206
2025-04-22 11:43:14,887 - INFO -   LightGBM: F1 = 0.8195
2025-04-22 11:43:14,887 - INFO -   Extra Trees: F1 = 0.8191
2025-04-22 11:43:14,887 - INFO -   XGBoost: F1 = 0.8161
2025-04-22 11:43:14,887 - INFO -   AdaBoost: F1 = 0.8159
2025-04-22 11:43:14,887 - INFO -   Perceptron: F1 = 0.8158
2025-04-22 11:43:14,887 - INFO -   Passive Aggressive: F1 = 0.8158
2025-04-22 11:43:14,887 - INFO -   CatBoost: F1 = 0.8154
2025-04-22 11:43:14,887 - INFO -   SGD Classifier: F1 = 0.8137
2025-04-22 11:43:14,887 - INFO -   HistGradientBoosting: F1 = 0.8134
2025-04-22 11:43:14,887 - INFO -   SVM (RBF): F1 = 0.8134
2025-04-22 11:43:14,887 - INFO -   BernoulliNB: F1 = 0.8121
2025-04-22 11:43:14,887 - INFO -   Logistic Regression: F1 = 0.8112
2025-04-22 11:43:14,887 - INFO -   SVM (Linear): F1 = 0.8109
2025-04-22 11:43:14,887 - INFO -   KNN: F1 = 0.8105
2025-04-22 11:43:14,887 - INFO -   Linear Discriminant Analysis: F1 = 0.8100
2025-04-22 11:43:14,887 - INFO -   GaussianNB: F1 = 0.8077
2025-04-22 11:43:14,887 - INFO -   Quadratic Discriminant Analysis: F1 = 0.7958
2025-04-22 11:43:14,887 - INFO -   Nu-SVM: F1 = 0.7786
2025-04-22 11:43:14,887 - INFO -   Ridge Classifier: F1 = 0.7529
2025-04-22 11:43:14,887 - INFO - Best model for seanbenhur bert: Random Forest (F1 = 0.8221)
2025-04-22 11:43:15,203 - INFO - Predictions saved to seanbenhur bert\test_predictions.csv
2025-04-22 11:43:15,203 - INFO - Processing folder: xlm roberta base
2025-04-22 11:43:16,266 - INFO - Training and evaluating models for xlm roberta base
2025-04-22 11:43:16,266 - INFO - Training model: Logistic Regression
2025-04-22 11:43:17,495 - INFO - Training model: Ridge Classifier
2025-04-22 11:43:17,630 - INFO - Training model: SGD Classifier
2025-04-22 11:43:17,734 - INFO - Training model: Perceptron
2025-04-22 11:43:17,805 - INFO - Training model: Passive Aggressive
2025-04-22 11:43:17,908 - INFO - Training model: SVM (Linear)
2025-04-22 11:43:19,073 - INFO - Training model: SVM (RBF)
2025-04-22 11:43:20,189 - INFO - Training model: Nu-SVM
2025-04-22 11:44:05,759 - INFO - Training model: KNN
2025-04-22 11:44:05,898 - INFO - Training model: Decision Tree
2025-04-22 11:44:06,048 - INFO - Training model: GaussianNB
2025-04-22 11:44:06,152 - INFO - Training model: BernoulliNB
2025-04-22 11:44:06,228 - INFO - Training model: Linear Discriminant Analysis
2025-04-22 11:44:07,208 - INFO - Training model: Quadratic Discriminant Analysis
2025-04-22 11:44:09,631 - INFO - Training model: Random Forest
2025-04-22 11:44:09,855 - INFO - Training model: Extra Trees
2025-04-22 11:44:10,034 - INFO - Training model: AdaBoost
2025-04-22 11:44:14,069 - INFO - Training model: Gradient Boosting
2025-04-22 11:44:24,694 - INFO - Training model: HistGradientBoosting
2025-04-22 11:44:29,435 - INFO - Training model: XGBoost
2025-04-22 11:44:29,930 - INFO - Training model: LightGBM
2025-04-22 11:44:30,239 - INFO - Training model: CatBoost
2025-04-22 11:44:35,369 - INFO - Model rankings for xlm roberta base:
2025-04-22 11:44:35,369 - INFO -   Nu-SVM: F1 = 0.8252
2025-04-22 11:44:35,369 - INFO -   Perceptron: F1 = 0.8237
2025-04-22 11:44:35,369 - INFO -   Ridge Classifier: F1 = 0.8208
2025-04-22 11:44:35,369 - INFO -   SVM (RBF): F1 = 0.8204
2025-04-22 11:44:35,369 - INFO -   Logistic Regression: F1 = 0.8192
2025-04-22 11:44:35,369 - INFO -   XGBoost: F1 = 0.8186
2025-04-22 11:44:35,369 - INFO -   CatBoost: F1 = 0.8186
2025-04-22 11:44:35,369 - INFO -   SGD Classifier: F1 = 0.8182
2025-04-22 11:44:35,369 - INFO -   SVM (Linear): F1 = 0.8180
2025-04-22 11:44:35,369 - INFO -   Linear Discriminant Analysis: F1 = 0.8170
2025-04-22 11:44:35,369 - INFO -   AdaBoost: F1 = 0.8169
2025-04-22 11:44:35,369 - INFO -   Gradient Boosting: F1 = 0.8162
2025-04-22 11:44:35,369 - INFO -   LightGBM: F1 = 0.8151
2025-04-22 11:44:35,369 - INFO -   Decision Tree: F1 = 0.8147
2025-04-22 11:44:35,369 - INFO -   BernoulliNB: F1 = 0.8146
2025-04-22 11:44:35,369 - INFO -   HistGradientBoosting: F1 = 0.8134
2025-04-22 11:44:35,369 - INFO -   Quadratic Discriminant Analysis: F1 = 0.8115
2025-04-22 11:44:35,369 - INFO -   Extra Trees: F1 = 0.8076
2025-04-22 11:44:35,369 - INFO -   GaussianNB: F1 = 0.8075
2025-04-22 11:44:35,369 - INFO -   Random Forest: F1 = 0.8025
2025-04-22 11:44:35,376 - INFO -   KNN: F1 = 0.8017
2025-04-22 11:44:35,376 - INFO -   Passive Aggressive: F1 = 0.7791
2025-04-22 11:44:35,376 - INFO - Best model for xlm roberta base: Nu-SVM (F1 = 0.8252)
2025-04-22 11:44:38,209 - INFO - Predictions saved to xlm roberta base\test_predictions.csv
2025-04-22 11:44:38,209 - INFO - Processing folder: xlm roberta large
2025-04-22 11:44:39,300 - INFO - Training and evaluating models for xlm roberta large
2025-04-22 11:44:39,300 - INFO - Training model: Logistic Regression
2025-04-22 11:44:39,567 - INFO - Training model: Ridge Classifier
2025-04-22 11:44:40,070 - INFO - Training model: SGD Classifier
2025-04-22 11:44:40,167 - INFO - Training model: Perceptron
2025-04-22 11:44:40,236 - INFO - Training model: Passive Aggressive
2025-04-22 11:44:40,334 - INFO - Training model: SVM (Linear)
2025-04-22 11:44:41,943 - INFO - Training model: SVM (RBF)
2025-04-22 11:44:43,924 - INFO - Training model: Nu-SVM
2025-04-22 11:45:33,501 - INFO - Training model: KNN
2025-04-22 11:45:33,639 - INFO - Training model: Decision Tree
2025-04-22 11:45:33,808 - INFO - Training model: GaussianNB
2025-04-22 11:45:33,900 - INFO - Training model: BernoulliNB
2025-04-22 11:45:33,976 - INFO - Training model: Linear Discriminant Analysis
2025-04-22 11:45:34,912 - INFO - Training model: Quadratic Discriminant Analysis
2025-04-22 11:45:37,592 - INFO - Training model: Random Forest
2025-04-22 11:45:37,828 - INFO - Training model: Extra Trees
2025-04-22 11:45:38,007 - INFO - Training model: AdaBoost
2025-04-22 11:45:41,647 - INFO - Training model: Gradient Boosting
2025-04-22 11:45:52,209 - INFO - Training model: HistGradientBoosting
2025-04-22 11:45:55,379 - INFO - Training model: XGBoost
2025-04-22 11:45:55,932 - INFO - Training model: LightGBM
2025-04-22 11:45:56,223 - INFO - Training model: CatBoost
2025-04-22 11:46:01,387 - INFO - Model rankings for xlm roberta large:
2025-04-22 11:46:01,387 - INFO -   Random Forest: F1 = 0.8303
2025-04-22 11:46:01,388 - INFO -   Extra Trees: F1 = 0.8291
2025-04-22 11:46:01,388 - INFO -   HistGradientBoosting: F1 = 0.8281
2025-04-22 11:46:01,388 - INFO -   LightGBM: F1 = 0.8266
2025-04-22 11:46:01,388 - INFO -   GaussianNB: F1 = 0.8250
2025-04-22 11:46:01,388 - INFO -   Gradient Boosting: F1 = 0.8249
2025-04-22 11:46:01,388 - INFO -   SVM (Linear): F1 = 0.8235
2025-04-22 11:46:01,388 - INFO -   Nu-SVM: F1 = 0.8225
2025-04-22 11:46:01,388 - INFO -   Decision Tree: F1 = 0.8225
2025-04-22 11:46:01,388 - INFO -   XGBoost: F1 = 0.8222
2025-04-22 11:46:01,388 - INFO -   KNN: F1 = 0.8217
2025-04-22 11:46:01,388 - INFO -   CatBoost: F1 = 0.8210
2025-04-22 11:46:01,388 - INFO -   SVM (RBF): F1 = 0.8188
2025-04-22 11:46:01,388 - INFO -   Passive Aggressive: F1 = 0.8180
2025-04-22 11:46:01,388 - INFO -   Perceptron: F1 = 0.8168
2025-04-22 11:46:01,388 - INFO -   Ridge Classifier: F1 = 0.8135
2025-04-22 11:46:01,388 - INFO -   BernoulliNB: F1 = 0.8135
2025-04-22 11:46:01,388 - INFO -   SGD Classifier: F1 = 0.8127
2025-04-22 11:46:01,388 - INFO -   AdaBoost: F1 = 0.8117
2025-04-22 11:46:01,389 - INFO -   Logistic Regression: F1 = 0.8111
2025-04-22 11:46:01,389 - INFO -   Linear Discriminant Analysis: F1 = 0.8098
2025-04-22 11:46:01,389 - INFO -   Quadratic Discriminant Analysis: F1 = 0.7619
2025-04-22 11:46:01,389 - INFO - Best model for xlm roberta large: Random Forest (F1 = 0.8303)
2025-04-22 11:46:01,698 - INFO - Predictions saved to xlm roberta large\test_predictions.csv
2025-04-22 11:46:01,699 - INFO - Total execution time: 405.77 seconds
2025-04-22 15:23:57,715 - INFO - Processing folder: google bert
2025-04-22 15:23:58,818 - INFO - Training SVC for google bert
2025-04-22 15:24:23,138 - INFO - Predictions saved to google bert\predicted_test_2.csv
2025-04-22 15:24:23,139 - INFO - Processing folder: indic bert
2025-04-22 15:24:24,275 - INFO - Training RandomForestClassifier for indic bert
2025-04-22 15:24:24,921 - INFO - Predictions saved to indic bert\predicted_test_2.csv
2025-04-22 15:24:24,921 - INFO - Processing folder: seanbenhur bert
2025-04-22 15:24:26,036 - INFO - Training RandomForestClassifier for seanbenhur bert
2025-04-22 15:24:26,647 - INFO - Predictions saved to seanbenhur bert\predicted_test_2.csv
2025-04-22 15:24:26,647 - INFO - Processing folder: xlm roberta base
2025-04-22 15:24:27,786 - INFO - Training NuSVC for xlm roberta base
2025-04-22 15:25:35,872 - INFO - Predictions saved to xlm roberta base\predicted_test_2.csv
2025-04-22 15:25:35,872 - INFO - Processing folder: xlm roberta large
2025-04-22 15:25:37,002 - INFO - Training RandomForestClassifier for xlm roberta large
2025-04-22 15:25:37,600 - INFO - Predictions saved to xlm roberta large\predicted_test_2.csv
2025-04-22 15:25:37,871 - INFO - Final predictions saved to final_2.csv
2025-04-22 15:25:37,871 - INFO - Total execution time: 100.16 seconds
